-- The C compiler identification is GNU 11.4.0
-- The CXX compiler identification is GNU 11.4.0
-- Detecting C compiler ABI info
-- Detecting C compiler ABI info - done
-- Check for working C compiler: /usr/bin/cc - skipped
-- Detecting C compile features
-- Detecting C compile features - done
-- Detecting CXX compiler ABI info
-- Detecting CXX compiler ABI info - done
-- Check for working CXX compiler: /usr/bin/c++ - skipped
-- Detecting CXX compile features
-- Detecting CXX compile features - done
-- Found ament_cmake: 1.3.6 (/opt/ros/humble/share/ament_cmake/cmake)
-- Found Python3: /usr/bin/python3.10 (found version "3.10.12") found components: Interpreter 
-- Override CMake install command with custom implementation using symlinks instead of copying resources
-- Found rclcpp: 16.0.7 (/opt/ros/humble/share/rclcpp/cmake)
-- Found rosidl_generator_c: 3.1.5 (/opt/ros/humble/share/rosidl_generator_c/cmake)
-- Found rosidl_adapter: 3.1.5 (/opt/ros/humble/share/rosidl_adapter/cmake)
-- Found rosidl_generator_cpp: 3.1.5 (/opt/ros/humble/share/rosidl_generator_cpp/cmake)
-- Using all available rosidl_typesupport_c: rosidl_typesupport_fastrtps_c;rosidl_typesupport_introspection_c
-- Using all available rosidl_typesupport_cpp: rosidl_typesupport_fastrtps_cpp;rosidl_typesupport_introspection_cpp
-- Found rmw_implementation_cmake: 6.1.1 (/opt/ros/humble/share/rmw_implementation_cmake/cmake)
-- Found rmw_cyclonedds_cpp: 1.3.4 (/opt/ros/humble/share/rmw_cyclonedds_cpp/cmake)
-- Using RMW implementation 'rmw_cyclonedds_cpp' as default
-- Looking for pthread.h
-- Looking for pthread.h - found
-- Performing Test CMAKE_HAVE_LIBC_PTHREAD
-- Performing Test CMAKE_HAVE_LIBC_PTHREAD - Success
-- Found Threads: TRUE  
-- Found geometry_msgs: 4.2.3 (/opt/ros/humble/share/geometry_msgs/cmake)
-- Found ament_lint_auto: 0.12.9 (/opt/ros/humble/share/ament_lint_auto/cmake)
-- Added test 'cppcheck' to perform static code analysis on C / C++ code
-- Configured cppcheck include dirs: /home/sithija/voyager_ws/src/voyager_controller/include
-- Configured cppcheck exclude dirs and/or files: 
-- Added test 'flake8' to check Python code syntax and style conventions
-- Added test 'lint_cmake' to check CMake code style
-- Added test 'pep257' to check Python code against some of the docstring style conventions in PEP 257
-- Added test 'uncrustify' to check C / C++ code style
-- Configured uncrustify additional arguments: 
-- Added test 'xmllint' to check XML markup files
-- Configuring done
-- Generating done
-- Build files have been written to: /home/sithija/voyager_ws/build/voyager_controller
[ 50%] [32mBuilding CXX object CMakeFiles/base_controller.dir/src/base_controller.cpp.o[0m
[100%] [32m[1mLinking CXX executable base_controller[0m
[100%] Built target base_controller
-- Install configuration: ""
-- Execute custom install script
-- Symlinking: /home/sithija/voyager_ws/install/voyager_controller/include/include/voyager_controller/base_controller.hpp
-- Symlinking: /home/sithija/voyager_ws/install/voyager_controller/lib/voyager_controller/base_controller
-- Symlinking: /home/sithija/voyager_ws/install/voyager_controller/share/voyager_controller/config/voyager_controllers.yaml
-- Symlinking: /home/sithija/voyager_ws/install/voyager_controller/share/voyager_controller/launch/base_controller.launch.py
-- Symlinking: /home/sithija/voyager_ws/install/voyager_controller/share/ament_index/resource_index/package_run_dependencies/voyager_controller
-- Symlinking: /home/sithija/voyager_ws/install/voyager_controller/share/ament_index/resource_index/parent_prefix_path/voyager_controller
-- Symlinking: /home/sithija/voyager_ws/install/voyager_controller/share/voyager_controller/environment/ament_prefix_path.sh
-- Symlinking: /home/sithija/voyager_ws/install/voyager_controller/share/voyager_controller/environment/ament_prefix_path.dsv
-- Symlinking: /home/sithija/voyager_ws/install/voyager_controller/share/voyager_controller/environment/path.sh
-- Symlinking: /home/sithija/voyager_ws/install/voyager_controller/share/voyager_controller/environment/path.dsv
-- Symlinking: /home/sithija/voyager_ws/install/voyager_controller/share/voyager_controller/local_setup.bash
-- Symlinking: /home/sithija/voyager_ws/install/voyager_controller/share/voyager_controller/local_setup.sh
-- Symlinking: /home/sithija/voyager_ws/install/voyager_controller/share/voyager_controller/local_setup.zsh
-- Symlinking: /home/sithija/voyager_ws/install/voyager_controller/share/voyager_controller/local_setup.dsv
-- Symlinking: /home/sithija/voyager_ws/install/voyager_controller/share/voyager_controller/package.dsv
-- Symlinking: /home/sithija/voyager_ws/install/voyager_controller/share/ament_index/resource_index/packages/voyager_controller
-- Symlinking: /home/sithija/voyager_ws/install/voyager_controller/share/voyager_controller/cmake/voyager_controllerConfig.cmake
-- Symlinking: /home/sithija/voyager_ws/install/voyager_controller/share/voyager_controller/cmake/voyager_controllerConfig-version.cmake
-- Symlinking: /home/sithija/voyager_ws/install/voyager_controller/share/voyager_controller/package.xml
