[0.052s] Invoking command in '/home/sithija/voyager_ws/build/voyager_controller': CMAKE_PREFIX_PATH=/opt/ros/humble /usr/bin/cmake /home/sithija/voyager_ws/src/voyager_controller -DAMENT_CMAKE_SYMLINK_INSTALL=1 -DCMAKE_INSTALL_PREFIX=/home/sithija/voyager_ws/install/voyager_controller
[0.162s] -- The C compiler identification is GNU 11.4.0
[0.253s] -- The CXX compiler identification is GNU 11.4.0
[0.264s] -- Detecting C compiler ABI info
[0.367s] -- Detecting C compiler ABI info - done
[0.381s] -- Check for working C compiler: /usr/bin/cc - skipped
[0.382s] -- Detecting C compile features
[0.383s] -- Detecting C compile features - done
[0.390s] -- Detecting CXX compiler ABI info
[0.531s] -- Detecting CXX compiler ABI info - done
[0.537s] -- Check for working CXX compiler: /usr/bin/c++ - skipped
[0.538s] -- Detecting CXX compile features
[0.538s] -- Detecting CXX compile features - done
[0.541s] -- Found ament_cmake: 1.3.6 (/opt/ros/humble/share/ament_cmake/cmake)
[0.725s] -- Found Python3: /usr/bin/python3.10 (found version "3.10.12") found components: Interpreter 
[0.777s] -- Override CMake install command with custom implementation using symlinks instead of copying resources
[0.809s] -- Found rclcpp: 16.0.7 (/opt/ros/humble/share/rclcpp/cmake)
[0.849s] -- Found rosidl_generator_c: 3.1.5 (/opt/ros/humble/share/rosidl_generator_c/cmake)
[0.854s] -- Found rosidl_adapter: 3.1.5 (/opt/ros/humble/share/rosidl_adapter/cmake)
[0.862s] -- Found rosidl_generator_cpp: 3.1.5 (/opt/ros/humble/share/rosidl_generator_cpp/cmake)
[0.875s] -- Using all available rosidl_typesupport_c: rosidl_typesupport_fastrtps_c;rosidl_typesupport_introspection_c
[0.893s] -- Using all available rosidl_typesupport_cpp: rosidl_typesupport_fastrtps_cpp;rosidl_typesupport_introspection_cpp
[0.956s] -- Found rmw_implementation_cmake: 6.1.1 (/opt/ros/humble/share/rmw_implementation_cmake/cmake)
[0.959s] -- Found rmw_cyclonedds_cpp: 1.3.4 (/opt/ros/humble/share/rmw_cyclonedds_cpp/cmake)
[1.002s] -- Using RMW implementation 'rmw_cyclonedds_cpp' as default
[1.012s] -- Looking for pthread.h
[1.115s] -- Looking for pthread.h - found
[1.115s] -- Performing Test CMAKE_HAVE_LIBC_PTHREAD
[1.248s] -- Performing Test CMAKE_HAVE_LIBC_PTHREAD - Success
[1.251s] -- Found Threads: TRUE  
[1.442s] -- Found geometry_msgs: 4.2.3 (/opt/ros/humble/share/geometry_msgs/cmake)
[1.493s] -- Found ament_lint_auto: 0.12.9 (/opt/ros/humble/share/ament_lint_auto/cmake)
[1.563s] -- Added test 'cppcheck' to perform static code analysis on C / C++ code
[1.563s] -- Configured cppcheck include dirs: /home/sithija/voyager_ws/src/voyager_controller/include
[1.563s] -- Configured cppcheck exclude dirs and/or files: 
[1.563s] -- Added test 'flake8' to check Python code syntax and style conventions
[1.564s] -- Added test 'lint_cmake' to check CMake code style
[1.564s] -- Added test 'pep257' to check Python code against some of the docstring style conventions in PEP 257
[1.565s] -- Added test 'uncrustify' to check C / C++ code style
[1.566s] -- Configured uncrustify additional arguments: 
[1.566s] -- Added test 'xmllint' to check XML markup files
[1.567s] -- Configuring done
[1.578s] -- Generating done
[1.580s] -- Build files have been written to: /home/sithija/voyager_ws/build/voyager_controller
[1.590s] Invoked command in '/home/sithija/voyager_ws/build/voyager_controller' returned '0': CMAKE_PREFIX_PATH=/opt/ros/humble /usr/bin/cmake /home/sithija/voyager_ws/src/voyager_controller -DAMENT_CMAKE_SYMLINK_INSTALL=1 -DCMAKE_INSTALL_PREFIX=/home/sithija/voyager_ws/install/voyager_controller
[1.592s] Invoking command in '/home/sithija/voyager_ws/build/voyager_controller': CMAKE_PREFIX_PATH=/opt/ros/humble /usr/bin/cmake --build /home/sithija/voyager_ws/build/voyager_controller -- -j16 -l16
[1.649s] [ 50%] [32mBuilding CXX object CMakeFiles/base_controller.dir/src/base_controller.cpp.o[0m
[9.231s] [100%] [32m[1mLinking CXX executable base_controller[0m
[9.694s] [100%] Built target base_controller
[9.706s] Invoked command in '/home/sithija/voyager_ws/build/voyager_controller' returned '0': CMAKE_PREFIX_PATH=/opt/ros/humble /usr/bin/cmake --build /home/sithija/voyager_ws/build/voyager_controller -- -j16 -l16
[9.747s] Invoking command in '/home/sithija/voyager_ws/build/voyager_controller': CMAKE_PREFIX_PATH=/opt/ros/humble /usr/bin/cmake --install /home/sithija/voyager_ws/build/voyager_controller
[9.762s] -- Install configuration: ""
[9.763s] -- Execute custom install script
[9.765s] -- Symlinking: /home/sithija/voyager_ws/install/voyager_controller/include/include/voyager_controller/base_controller.hpp
[9.776s] -- Symlinking: /home/sithija/voyager_ws/install/voyager_controller/lib/voyager_controller/base_controller
[9.786s] -- Symlinking: /home/sithija/voyager_ws/install/voyager_controller/share/voyager_controller/config/voyager_controllers.yaml
[9.806s] -- Symlinking: /home/sithija/voyager_ws/install/voyager_controller/share/voyager_controller/launch/base_controller.launch.py
[9.824s] -- Symlinking: /home/sithija/voyager_ws/install/voyager_controller/share/ament_index/resource_index/package_run_dependencies/voyager_controller
[9.833s] -- Symlinking: /home/sithija/voyager_ws/install/voyager_controller/share/ament_index/resource_index/parent_prefix_path/voyager_controller
[9.854s] -- Symlinking: /home/sithija/voyager_ws/install/voyager_controller/share/voyager_controller/environment/ament_prefix_path.sh
[9.863s] -- Symlinking: /home/sithija/voyager_ws/install/voyager_controller/share/voyager_controller/environment/ament_prefix_path.dsv
[9.883s] -- Symlinking: /home/sithija/voyager_ws/install/voyager_controller/share/voyager_controller/environment/path.sh
[9.893s] -- Symlinking: /home/sithija/voyager_ws/install/voyager_controller/share/voyager_controller/environment/path.dsv
[9.912s] -- Symlinking: /home/sithija/voyager_ws/install/voyager_controller/share/voyager_controller/local_setup.bash
[9.922s] -- Symlinking: /home/sithija/voyager_ws/install/voyager_controller/share/voyager_controller/local_setup.sh
[9.942s] -- Symlinking: /home/sithija/voyager_ws/install/voyager_controller/share/voyager_controller/local_setup.zsh
[9.952s] -- Symlinking: /home/sithija/voyager_ws/install/voyager_controller/share/voyager_controller/local_setup.dsv
[9.961s] -- Symlinking: /home/sithija/voyager_ws/install/voyager_controller/share/voyager_controller/package.dsv
[9.981s] -- Symlinking: /home/sithija/voyager_ws/install/voyager_controller/share/ament_index/resource_index/packages/voyager_controller
[9.991s] -- Symlinking: /home/sithija/voyager_ws/install/voyager_controller/share/voyager_controller/cmake/voyager_controllerConfig.cmake
[10.011s] -- Symlinking: /home/sithija/voyager_ws/install/voyager_controller/share/voyager_controller/cmake/voyager_controllerConfig-version.cmake
[10.031s] -- Symlinking: /home/sithija/voyager_ws/install/voyager_controller/share/voyager_controller/package.xml
[10.044s] Invoked command in '/home/sithija/voyager_ws/build/voyager_controller' returned '0': CMAKE_PREFIX_PATH=/opt/ros/humble /usr/bin/cmake --install /home/sithija/voyager_ws/build/voyager_controller
