[0.914s] DEBUG:colcon:Command line arguments: ['/usr/bin/colcon', 'build', '--symlink-install']
[0.914s] DEBUG:colcon:Parsed command line arguments: Namespace(log_base=None, log_level=None, verb_name='build', build_base='build', install_base='install', merge_install=False, symlink_install=True, test_result_base=None, continue_on_error=False, executor='parallel', parallel_workers=16, event_handlers=None, ignore_user_meta=False, metas=['./colcon.meta'], base_paths=['.'], packages_ignore=None, packages_ignore_regex=None, paths=None, packages_up_to=None, packages_up_to_regex=None, packages_above=None, packages_above_and_dependencies=None, packages_above_depth=None, packages_select_by_dep=None, packages_skip_by_dep=None, packages_skip_up_to=None, packages_select_build_failed=False, packages_skip_build_finished=False, packages_select_test_failures=False, packages_skip_test_passed=False, packages_select=None, packages_skip=None, packages_select_regex=None, packages_skip_regex=None, packages_start=None, packages_end=None, allow_overriding=[], cmake_args=None, cmake_target=None, cmake_target_skip_unavailable=False, cmake_clean_cache=False, cmake_clean_first=False, cmake_force_configure=False, ament_cmake_args=None, catkin_cmake_args=None, catkin_skip_building_tests=False, verb_parser=<colcon_defaults.argument_parser.defaults.DefaultArgumentsDecorator object at 0x75b3480d3610>, verb_extension=<colcon_core.verb.build.BuildVerb object at 0x75b3480d2380>, main=<bound method BuildVerb.main of <colcon_core.verb.build.BuildVerb object at 0x75b3480d2380>>)
[0.954s] Level 1:colcon.colcon_core.package_discovery:discover_packages(colcon_meta) check parameters
[0.954s] Level 1:colcon.colcon_core.package_discovery:discover_packages(recursive) check parameters
[0.954s] Level 1:colcon.colcon_core.package_discovery:discover_packages(ignore) check parameters
[0.954s] Level 1:colcon.colcon_core.package_discovery:discover_packages(path) check parameters
[0.954s] Level 1:colcon.colcon_core.package_discovery:discover_packages(colcon_meta) discover
[0.954s] Level 1:colcon.colcon_core.package_discovery:discover_packages(recursive) discover
[0.954s] INFO:colcon.colcon_core.package_discovery:Crawling recursively for packages in '/home/sithija/voyager_ws'
[0.954s] Level 1:colcon.colcon_core.package_identification:_identify(.) by extensions ['ignore', 'ignore_ament_install']
[0.955s] Level 1:colcon.colcon_core.package_identification:_identify(.) by extension 'ignore'
[0.955s] Level 1:colcon.colcon_core.package_identification:_identify(.) by extension 'ignore_ament_install'
[0.955s] Level 1:colcon.colcon_core.package_identification:_identify(.) by extensions ['colcon_pkg']
[0.955s] Level 1:colcon.colcon_core.package_identification:_identify(.) by extension 'colcon_pkg'
[0.955s] Level 1:colcon.colcon_core.package_identification:_identify(.) by extensions ['colcon_meta']
[0.955s] Level 1:colcon.colcon_core.package_identification:_identify(.) by extension 'colcon_meta'
[0.955s] Level 1:colcon.colcon_core.package_identification:_identify(.) by extensions ['ros']
[0.955s] Level 1:colcon.colcon_core.package_identification:_identify(.) by extension 'ros'
[0.964s] Level 1:colcon.colcon_core.package_identification:_identify(.) by extensions ['cmake', 'python']
[0.964s] Level 1:colcon.colcon_core.package_identification:_identify(.) by extension 'cmake'
[0.964s] Level 1:colcon.colcon_core.package_identification:_identify(.) by extension 'python'
[0.964s] Level 1:colcon.colcon_core.package_identification:_identify(.) by extensions ['python_setup_py']
[0.964s] Level 1:colcon.colcon_core.package_identification:_identify(.) by extension 'python_setup_py'
[0.964s] Level 1:colcon.colcon_core.package_identification:_identify(build) by extensions ['ignore', 'ignore_ament_install']
[0.964s] Level 1:colcon.colcon_core.package_identification:_identify(build) by extension 'ignore'
[0.964s] Level 1:colcon.colcon_core.package_identification:_identify(build) ignored
[0.964s] Level 1:colcon.colcon_core.package_identification:_identify(install) by extensions ['ignore', 'ignore_ament_install']
[0.964s] Level 1:colcon.colcon_core.package_identification:_identify(install) by extension 'ignore'
[0.964s] Level 1:colcon.colcon_core.package_identification:_identify(install) ignored
[0.964s] Level 1:colcon.colcon_core.package_identification:_identify(log) by extensions ['ignore', 'ignore_ament_install']
[0.964s] Level 1:colcon.colcon_core.package_identification:_identify(log) by extension 'ignore'
[0.964s] Level 1:colcon.colcon_core.package_identification:_identify(log) ignored
[0.964s] Level 1:colcon.colcon_core.package_identification:_identify(src) by extensions ['ignore', 'ignore_ament_install']
[0.965s] Level 1:colcon.colcon_core.package_identification:_identify(src) by extension 'ignore'
[0.965s] Level 1:colcon.colcon_core.package_identification:_identify(src) by extension 'ignore_ament_install'
[0.965s] Level 1:colcon.colcon_core.package_identification:_identify(src) by extensions ['colcon_pkg']
[0.965s] Level 1:colcon.colcon_core.package_identification:_identify(src) by extension 'colcon_pkg'
[0.965s] Level 1:colcon.colcon_core.package_identification:_identify(src) by extensions ['colcon_meta']
[0.965s] Level 1:colcon.colcon_core.package_identification:_identify(src) by extension 'colcon_meta'
[0.965s] Level 1:colcon.colcon_core.package_identification:_identify(src) by extensions ['ros']
[0.965s] Level 1:colcon.colcon_core.package_identification:_identify(src) by extension 'ros'
[0.965s] Level 1:colcon.colcon_core.package_identification:_identify(src) by extensions ['cmake', 'python']
[0.965s] Level 1:colcon.colcon_core.package_identification:_identify(src) by extension 'cmake'
[0.965s] Level 1:colcon.colcon_core.package_identification:_identify(src) by extension 'python'
[0.965s] Level 1:colcon.colcon_core.package_identification:_identify(src) by extensions ['python_setup_py']
[0.965s] Level 1:colcon.colcon_core.package_identification:_identify(src) by extension 'python_setup_py'
[0.965s] Level 1:colcon.colcon_core.package_identification:_identify(src/voyager_controller) by extensions ['ignore', 'ignore_ament_install']
[0.965s] Level 1:colcon.colcon_core.package_identification:_identify(src/voyager_controller) by extension 'ignore'
[0.965s] Level 1:colcon.colcon_core.package_identification:_identify(src/voyager_controller) by extension 'ignore_ament_install'
[0.965s] Level 1:colcon.colcon_core.package_identification:_identify(src/voyager_controller) by extensions ['colcon_pkg']
[0.965s] Level 1:colcon.colcon_core.package_identification:_identify(src/voyager_controller) by extension 'colcon_pkg'
[0.965s] Level 1:colcon.colcon_core.package_identification:_identify(src/voyager_controller) by extensions ['colcon_meta']
[0.965s] Level 1:colcon.colcon_core.package_identification:_identify(src/voyager_controller) by extension 'colcon_meta'
[0.965s] Level 1:colcon.colcon_core.package_identification:_identify(src/voyager_controller) by extensions ['ros']
[0.965s] Level 1:colcon.colcon_core.package_identification:_identify(src/voyager_controller) by extension 'ros'
[0.967s] DEBUG:colcon.colcon_core.package_identification:Package 'src/voyager_controller' with type 'ros.ament_cmake' and name 'voyager_controller'
[0.968s] Level 1:colcon.colcon_core.package_identification:_identify(src/voyager_description) by extensions ['ignore', 'ignore_ament_install']
[0.968s] Level 1:colcon.colcon_core.package_identification:_identify(src/voyager_description) by extension 'ignore'
[0.968s] Level 1:colcon.colcon_core.package_identification:_identify(src/voyager_description) by extension 'ignore_ament_install'
[0.968s] Level 1:colcon.colcon_core.package_identification:_identify(src/voyager_description) by extensions ['colcon_pkg']
[0.968s] Level 1:colcon.colcon_core.package_identification:_identify(src/voyager_description) by extension 'colcon_pkg'
[0.968s] Level 1:colcon.colcon_core.package_identification:_identify(src/voyager_description) by extensions ['colcon_meta']
[0.968s] Level 1:colcon.colcon_core.package_identification:_identify(src/voyager_description) by extension 'colcon_meta'
[0.968s] Level 1:colcon.colcon_core.package_identification:_identify(src/voyager_description) by extensions ['ros']
[0.968s] Level 1:colcon.colcon_core.package_identification:_identify(src/voyager_description) by extension 'ros'
[0.969s] DEBUG:colcon.colcon_core.package_identification:Package 'src/voyager_description' with type 'ros.ament_cmake' and name 'voyager_description'
[0.969s] Level 1:colcon.colcon_core.package_identification:_identify(src/voyager_msgs) by extensions ['ignore', 'ignore_ament_install']
[0.969s] Level 1:colcon.colcon_core.package_identification:_identify(src/voyager_msgs) by extension 'ignore'
[0.969s] Level 1:colcon.colcon_core.package_identification:_identify(src/voyager_msgs) by extension 'ignore_ament_install'
[0.969s] Level 1:colcon.colcon_core.package_identification:_identify(src/voyager_msgs) by extensions ['colcon_pkg']
[0.969s] Level 1:colcon.colcon_core.package_identification:_identify(src/voyager_msgs) by extension 'colcon_pkg'
[0.969s] Level 1:colcon.colcon_core.package_identification:_identify(src/voyager_msgs) by extensions ['colcon_meta']
[0.969s] Level 1:colcon.colcon_core.package_identification:_identify(src/voyager_msgs) by extension 'colcon_meta'
[0.969s] Level 1:colcon.colcon_core.package_identification:_identify(src/voyager_msgs) by extensions ['ros']
[0.969s] Level 1:colcon.colcon_core.package_identification:_identify(src/voyager_msgs) by extension 'ros'
[0.970s] DEBUG:colcon.colcon_core.package_identification:Package 'src/voyager_msgs' with type 'ros.ament_cmake' and name 'voyager_msgs'
[0.970s] Level 1:colcon.colcon_core.package_discovery:discover_packages(recursive) using defaults
[0.970s] Level 1:colcon.colcon_core.package_discovery:discover_packages(ignore) discover
[0.970s] Level 1:colcon.colcon_core.package_discovery:discover_packages(ignore) using defaults
[0.970s] Level 1:colcon.colcon_core.package_discovery:discover_packages(path) discover
[0.970s] Level 1:colcon.colcon_core.package_discovery:discover_packages(path) using defaults
[1.051s] Level 1:colcon.colcon_core.package_discovery:discover_packages(prefix_path) check parameters
[1.051s] Level 1:colcon.colcon_core.package_discovery:discover_packages(prefix_path) discover
[1.078s] DEBUG:colcon.colcon_installed_package_information.package_discovery:Found 3 installed packages in /home/sithija/voyager_ws/install
[1.104s] DEBUG:colcon.colcon_installed_package_information.package_discovery:Found 401 installed packages in /opt/ros/humble
[1.105s] Level 1:colcon.colcon_core.package_discovery:discover_packages(prefix_path) using defaults
[1.196s] Level 5:colcon.colcon_core.verb:set package 'voyager_controller' build argument 'cmake_args' from command line to 'None'
[1.196s] Level 5:colcon.colcon_core.verb:set package 'voyager_controller' build argument 'cmake_target' from command line to 'None'
[1.196s] Level 5:colcon.colcon_core.verb:set package 'voyager_controller' build argument 'cmake_target_skip_unavailable' from command line to 'False'
[1.196s] Level 5:colcon.colcon_core.verb:set package 'voyager_controller' build argument 'cmake_clean_cache' from command line to 'False'
[1.196s] Level 5:colcon.colcon_core.verb:set package 'voyager_controller' build argument 'cmake_clean_first' from command line to 'False'
[1.196s] Level 5:colcon.colcon_core.verb:set package 'voyager_controller' build argument 'cmake_force_configure' from command line to 'False'
[1.196s] Level 5:colcon.colcon_core.verb:set package 'voyager_controller' build argument 'ament_cmake_args' from command line to 'None'
[1.196s] Level 5:colcon.colcon_core.verb:set package 'voyager_controller' build argument 'catkin_cmake_args' from command line to 'None'
[1.196s] Level 5:colcon.colcon_core.verb:set package 'voyager_controller' build argument 'catkin_skip_building_tests' from command line to 'False'
[1.196s] DEBUG:colcon.colcon_core.verb:Building package 'voyager_controller' with the following arguments: {'ament_cmake_args': None, 'build_base': '/home/sithija/voyager_ws/build/voyager_controller', 'catkin_cmake_args': None, 'catkin_skip_building_tests': False, 'cmake_args': None, 'cmake_clean_cache': False, 'cmake_clean_first': False, 'cmake_force_configure': False, 'cmake_target': None, 'cmake_target_skip_unavailable': False, 'install_base': '/home/sithija/voyager_ws/install/voyager_controller', 'merge_install': False, 'path': '/home/sithija/voyager_ws/src/voyager_controller', 'symlink_install': True, 'test_result_base': None}
[1.210s] Level 5:colcon.colcon_core.verb:set package 'voyager_msgs' build argument 'cmake_args' from command line to 'None'
[1.210s] Level 5:colcon.colcon_core.verb:set package 'voyager_msgs' build argument 'cmake_target' from command line to 'None'
[1.210s] Level 5:colcon.colcon_core.verb:set package 'voyager_msgs' build argument 'cmake_target_skip_unavailable' from command line to 'False'
[1.210s] Level 5:colcon.colcon_core.verb:set package 'voyager_msgs' build argument 'cmake_clean_cache' from command line to 'False'
[1.210s] Level 5:colcon.colcon_core.verb:set package 'voyager_msgs' build argument 'cmake_clean_first' from command line to 'False'
[1.210s] Level 5:colcon.colcon_core.verb:set package 'voyager_msgs' build argument 'cmake_force_configure' from command line to 'False'
[1.210s] Level 5:colcon.colcon_core.verb:set package 'voyager_msgs' build argument 'ament_cmake_args' from command line to 'None'
[1.210s] Level 5:colcon.colcon_core.verb:set package 'voyager_msgs' build argument 'catkin_cmake_args' from command line to 'None'
[1.210s] Level 5:colcon.colcon_core.verb:set package 'voyager_msgs' build argument 'catkin_skip_building_tests' from command line to 'False'
[1.210s] DEBUG:colcon.colcon_core.verb:Building package 'voyager_msgs' with the following arguments: {'ament_cmake_args': None, 'build_base': '/home/sithija/voyager_ws/build/voyager_msgs', 'catkin_cmake_args': None, 'catkin_skip_building_tests': False, 'cmake_args': None, 'cmake_clean_cache': False, 'cmake_clean_first': False, 'cmake_force_configure': False, 'cmake_target': None, 'cmake_target_skip_unavailable': False, 'install_base': '/home/sithija/voyager_ws/install/voyager_msgs', 'merge_install': False, 'path': '/home/sithija/voyager_ws/src/voyager_msgs', 'symlink_install': True, 'test_result_base': None}
[1.224s] Level 5:colcon.colcon_core.verb:set package 'voyager_description' build argument 'cmake_args' from command line to 'None'
[1.224s] Level 5:colcon.colcon_core.verb:set package 'voyager_description' build argument 'cmake_target' from command line to 'None'
[1.224s] Level 5:colcon.colcon_core.verb:set package 'voyager_description' build argument 'cmake_target_skip_unavailable' from command line to 'False'
[1.224s] Level 5:colcon.colcon_core.verb:set package 'voyager_description' build argument 'cmake_clean_cache' from command line to 'False'
[1.224s] Level 5:colcon.colcon_core.verb:set package 'voyager_description' build argument 'cmake_clean_first' from command line to 'False'
[1.224s] Level 5:colcon.colcon_core.verb:set package 'voyager_description' build argument 'cmake_force_configure' from command line to 'False'
[1.224s] Level 5:colcon.colcon_core.verb:set package 'voyager_description' build argument 'ament_cmake_args' from command line to 'None'
[1.224s] Level 5:colcon.colcon_core.verb:set package 'voyager_description' build argument 'catkin_cmake_args' from command line to 'None'
[1.224s] Level 5:colcon.colcon_core.verb:set package 'voyager_description' build argument 'catkin_skip_building_tests' from command line to 'False'
[1.224s] DEBUG:colcon.colcon_core.verb:Building package 'voyager_description' with the following arguments: {'ament_cmake_args': None, 'build_base': '/home/sithija/voyager_ws/build/voyager_description', 'catkin_cmake_args': None, 'catkin_skip_building_tests': False, 'cmake_args': None, 'cmake_clean_cache': False, 'cmake_clean_first': False, 'cmake_force_configure': False, 'cmake_target': None, 'cmake_target_skip_unavailable': False, 'install_base': '/home/sithija/voyager_ws/install/voyager_description', 'merge_install': False, 'path': '/home/sithija/voyager_ws/src/voyager_description', 'symlink_install': True, 'test_result_base': None}
[1.237s] INFO:colcon.colcon_core.executor:Executing jobs using 'parallel' executor
[1.251s] DEBUG:colcon.colcon_parallel_executor.executor.parallel:run_until_complete
[1.252s] INFO:colcon.colcon_ros.task.ament_cmake.build:Building ROS package in '/home/sithija/voyager_ws/src/voyager_msgs' with build type 'ament_cmake'
[1.252s] INFO:colcon.colcon_cmake.task.cmake.build:Building CMake package in '/home/sithija/voyager_ws/src/voyager_msgs'
[1.268s] INFO:colcon.colcon_core.plugin_system:Skipping extension 'colcon_core.shell.bat': Not used on non-Windows systems
[1.268s] INFO:colcon.colcon_core.shell:Skip shell extension 'powershell' for command environment: Not usable outside of PowerShell
[1.268s] DEBUG:colcon.colcon_core.shell:Skip shell extension 'dsv' for command environment
[1.312s] INFO:colcon.colcon_ros.task.ament_cmake.build:Building ROS package in '/home/sithija/voyager_ws/src/voyager_controller' with build type 'ament_cmake'
[1.312s] INFO:colcon.colcon_cmake.task.cmake.build:Building CMake package in '/home/sithija/voyager_ws/src/voyager_controller'
[1.326s] INFO:colcon.colcon_core.shell:Skip shell extension 'powershell' for command environment: Not usable outside of PowerShell
[1.326s] DEBUG:colcon.colcon_core.shell:Skip shell extension 'dsv' for command environment
[1.378s] DEBUG:colcon.colcon_core.event_handler.log_command:Invoking command in '/home/sithija/voyager_ws/build/voyager_msgs': CMAKE_PREFIX_PATH=${CMAKE_PREFIX_PATH}:/opt/ros/humble /usr/bin/cmake --build /home/sithija/voyager_ws/build/voyager_msgs -- -j16 -l16
[1.383s] DEBUG:colcon.colcon_core.event_handler.log_command:Invoking command in '/home/sithija/voyager_ws/build/voyager_controller': CMAKE_PREFIX_PATH=${CMAKE_PREFIX_PATH}:/opt/ros/humble /usr/bin/cmake --build /home/sithija/voyager_ws/build/voyager_controller -- -j16 -l16
[1.508s] DEBUG:colcon.colcon_core.event_handler.log_command:Invoked command in '/home/sithija/voyager_ws/build/voyager_controller' returned '0': CMAKE_PREFIX_PATH=${CMAKE_PREFIX_PATH}:/opt/ros/humble /usr/bin/cmake --build /home/sithija/voyager_ws/build/voyager_controller -- -j16 -l16
[1.552s] DEBUG:colcon.colcon_core.event_handler.log_command:Invoking command in '/home/sithija/voyager_ws/build/voyager_controller': CMAKE_PREFIX_PATH=${CMAKE_PREFIX_PATH}:/opt/ros/humble /usr/bin/cmake --install /home/sithija/voyager_ws/build/voyager_controller
[1.578s] Level 1:colcon.colcon_core.environment:create_environment_scripts_only(voyager_controller)
[1.579s] DEBUG:colcon.colcon_core.event_handler.log_command:Invoked command in '/home/sithija/voyager_ws/build/voyager_controller' returned '0': CMAKE_PREFIX_PATH=${CMAKE_PREFIX_PATH}:/opt/ros/humble /usr/bin/cmake --install /home/sithija/voyager_ws/build/voyager_controller
[1.600s] Level 1:colcon.colcon_core.environment:checking '/home/sithija/voyager_ws/install/voyager_controller' for CMake module files
[1.600s] Level 1:colcon.colcon_core.environment:checking '/home/sithija/voyager_ws/install/voyager_controller' for CMake config files
[1.601s] Level 1:colcon.colcon_core.shell:create_environment_hook('voyager_controller', 'cmake_prefix_path')
[1.618s] INFO:colcon.colcon_core.shell:Creating environment hook '/home/sithija/voyager_ws/install/voyager_controller/share/voyager_controller/hook/cmake_prefix_path.ps1'
[1.619s] INFO:colcon.colcon_core.shell:Creating environment descriptor '/home/sithija/voyager_ws/install/voyager_controller/share/voyager_controller/hook/cmake_prefix_path.dsv'
[1.620s] INFO:colcon.colcon_core.shell:Creating environment hook '/home/sithija/voyager_ws/install/voyager_controller/share/voyager_controller/hook/cmake_prefix_path.sh'
[1.621s] Level 1:colcon.colcon_core.environment:checking '/home/sithija/voyager_ws/install/voyager_controller/lib'
[1.621s] Level 1:colcon.colcon_core.environment:checking '/home/sithija/voyager_ws/install/voyager_controller/bin'
[1.622s] Level 1:colcon.colcon_core.environment:checking '/home/sithija/voyager_ws/install/voyager_controller/lib/pkgconfig/voyager_controller.pc'
[1.622s] Level 1:colcon.colcon_core.environment:checking '/home/sithija/voyager_ws/install/voyager_controller/lib/python3.10/site-packages'
[1.622s] Level 1:colcon.colcon_core.environment:checking '/home/sithija/voyager_ws/install/voyager_controller/bin'
[1.637s] INFO:colcon.colcon_core.shell:Creating package script '/home/sithija/voyager_ws/install/voyager_controller/share/voyager_controller/package.ps1'
[1.638s] INFO:colcon.colcon_core.shell:Creating package descriptor '/home/sithija/voyager_ws/install/voyager_controller/share/voyager_controller/package.dsv'
[1.639s] INFO:colcon.colcon_core.shell:Creating package script '/home/sithija/voyager_ws/install/voyager_controller/share/voyager_controller/package.sh'
[1.639s] INFO:colcon.colcon_core.shell:Creating package script '/home/sithija/voyager_ws/install/voyager_controller/share/voyager_controller/package.bash'
[1.640s] INFO:colcon.colcon_core.shell:Creating package script '/home/sithija/voyager_ws/install/voyager_controller/share/voyager_controller/package.zsh'
[1.640s] Level 1:colcon.colcon_core.environment:create_file_with_runtime_dependencies(/home/sithija/voyager_ws/install/voyager_controller/share/colcon-core/packages/voyager_controller)
[1.711s] Level 1:colcon.colcon_core.environment:create_environment_scripts_only(voyager_controller)
[1.738s] Level 1:colcon.colcon_core.environment:checking '/home/sithija/voyager_ws/install/voyager_controller' for CMake module files
[1.738s] Level 1:colcon.colcon_core.environment:checking '/home/sithija/voyager_ws/install/voyager_controller' for CMake config files
[1.739s] Level 1:colcon.colcon_core.shell:create_environment_hook('voyager_controller', 'cmake_prefix_path')
[1.752s] INFO:colcon.colcon_core.shell:Creating environment hook '/home/sithija/voyager_ws/install/voyager_controller/share/voyager_controller/hook/cmake_prefix_path.ps1'
[1.753s] INFO:colcon.colcon_core.shell:Creating environment descriptor '/home/sithija/voyager_ws/install/voyager_controller/share/voyager_controller/hook/cmake_prefix_path.dsv'
[1.753s] INFO:colcon.colcon_core.shell:Creating environment hook '/home/sithija/voyager_ws/install/voyager_controller/share/voyager_controller/hook/cmake_prefix_path.sh'
[1.753s] Level 1:colcon.colcon_core.environment:checking '/home/sithija/voyager_ws/install/voyager_controller/lib'
[1.753s] Level 1:colcon.colcon_core.environment:checking '/home/sithija/voyager_ws/install/voyager_controller/bin'
[1.754s] Level 1:colcon.colcon_core.environment:checking '/home/sithija/voyager_ws/install/voyager_controller/lib/pkgconfig/voyager_controller.pc'
[1.754s] Level 1:colcon.colcon_core.environment:checking '/home/sithija/voyager_ws/install/voyager_controller/lib/python3.10/site-packages'
[1.754s] Level 1:colcon.colcon_core.environment:checking '/home/sithija/voyager_ws/install/voyager_controller/bin'
[1.769s] INFO:colcon.colcon_core.shell:Creating package script '/home/sithija/voyager_ws/install/voyager_controller/share/voyager_controller/package.ps1'
[1.770s] INFO:colcon.colcon_core.shell:Creating package descriptor '/home/sithija/voyager_ws/install/voyager_controller/share/voyager_controller/package.dsv'
[1.770s] INFO:colcon.colcon_core.shell:Creating package script '/home/sithija/voyager_ws/install/voyager_controller/share/voyager_controller/package.sh'
[1.770s] INFO:colcon.colcon_core.shell:Creating package script '/home/sithija/voyager_ws/install/voyager_controller/share/voyager_controller/package.bash'
[1.771s] INFO:colcon.colcon_core.shell:Creating package script '/home/sithija/voyager_ws/install/voyager_controller/share/voyager_controller/package.zsh'
[1.771s] Level 1:colcon.colcon_core.environment:create_file_with_runtime_dependencies(/home/sithija/voyager_ws/install/voyager_controller/share/colcon-core/packages/voyager_controller)
[1.816s] DEBUG:colcon.colcon_core.event_handler.log_command:Invoked command in '/home/sithija/voyager_ws/build/voyager_msgs' returned '0': CMAKE_PREFIX_PATH=${CMAKE_PREFIX_PATH}:/opt/ros/humble /usr/bin/cmake --build /home/sithija/voyager_ws/build/voyager_msgs -- -j16 -l16
[1.923s] DEBUG:colcon.colcon_core.event_handler.log_command:Invoking command in '/home/sithija/voyager_ws/build/voyager_msgs': CMAKE_PREFIX_PATH=${CMAKE_PREFIX_PATH}:/opt/ros/humble /usr/bin/cmake --install /home/sithija/voyager_ws/build/voyager_msgs
[1.986s] Level 1:colcon.colcon_core.environment:create_environment_scripts_only(voyager_msgs)
[1.986s] DEBUG:colcon.colcon_core.event_handler.log_command:Invoked command in '/home/sithija/voyager_ws/build/voyager_msgs' returned '0': CMAKE_PREFIX_PATH=${CMAKE_PREFIX_PATH}:/opt/ros/humble /usr/bin/cmake --install /home/sithija/voyager_ws/build/voyager_msgs
[2.021s] Level 1:colcon.colcon_core.environment:checking '/home/sithija/voyager_ws/install/voyager_msgs' for CMake module files
[2.022s] Level 1:colcon.colcon_core.environment:checking '/home/sithija/voyager_ws/install/voyager_msgs' for CMake config files
[2.023s] Level 1:colcon.colcon_core.shell:create_environment_hook('voyager_msgs', 'cmake_prefix_path')
[2.058s] INFO:colcon.colcon_core.shell:Creating environment hook '/home/sithija/voyager_ws/install/voyager_msgs/share/voyager_msgs/hook/cmake_prefix_path.ps1'
[2.058s] INFO:colcon.colcon_core.shell:Creating environment descriptor '/home/sithija/voyager_ws/install/voyager_msgs/share/voyager_msgs/hook/cmake_prefix_path.dsv'
[2.059s] INFO:colcon.colcon_core.shell:Creating environment hook '/home/sithija/voyager_ws/install/voyager_msgs/share/voyager_msgs/hook/cmake_prefix_path.sh'
[2.060s] Level 1:colcon.colcon_core.environment:checking '/home/sithija/voyager_ws/install/voyager_msgs/lib'
[2.060s] Level 1:colcon.colcon_core.shell:create_environment_hook('voyager_msgs', 'ld_library_path_lib')
[2.077s] INFO:colcon.colcon_core.shell:Creating environment hook '/home/sithija/voyager_ws/install/voyager_msgs/share/voyager_msgs/hook/ld_library_path_lib.ps1'
[2.078s] INFO:colcon.colcon_core.shell:Creating environment descriptor '/home/sithija/voyager_ws/install/voyager_msgs/share/voyager_msgs/hook/ld_library_path_lib.dsv'
[2.078s] INFO:colcon.colcon_core.shell:Creating environment hook '/home/sithija/voyager_ws/install/voyager_msgs/share/voyager_msgs/hook/ld_library_path_lib.sh'
[2.078s] Level 1:colcon.colcon_core.environment:checking '/home/sithija/voyager_ws/install/voyager_msgs/bin'
[2.078s] Level 1:colcon.colcon_core.environment:checking '/home/sithija/voyager_ws/install/voyager_msgs/lib/pkgconfig/voyager_msgs.pc'
[2.079s] Level 1:colcon.colcon_core.environment:checking '/home/sithija/voyager_ws/install/voyager_msgs/lib/python3.10/site-packages'
[2.079s] Level 1:colcon.colcon_core.environment:checking '/home/sithija/voyager_ws/install/voyager_msgs/bin'
[2.093s] INFO:colcon.colcon_core.shell:Creating package script '/home/sithija/voyager_ws/install/voyager_msgs/share/voyager_msgs/package.ps1'
[2.093s] INFO:colcon.colcon_core.shell:Creating package descriptor '/home/sithija/voyager_ws/install/voyager_msgs/share/voyager_msgs/package.dsv'
[2.093s] INFO:colcon.colcon_core.shell:Creating package script '/home/sithija/voyager_ws/install/voyager_msgs/share/voyager_msgs/package.sh'
[2.094s] INFO:colcon.colcon_core.shell:Creating package script '/home/sithija/voyager_ws/install/voyager_msgs/share/voyager_msgs/package.bash'
[2.094s] INFO:colcon.colcon_core.shell:Creating package script '/home/sithija/voyager_ws/install/voyager_msgs/share/voyager_msgs/package.zsh'
[2.094s] Level 1:colcon.colcon_core.environment:create_file_with_runtime_dependencies(/home/sithija/voyager_ws/install/voyager_msgs/share/colcon-core/packages/voyager_msgs)
[2.245s] Level 1:colcon.colcon_core.environment:create_environment_scripts_only(voyager_msgs)
[2.282s] Level 1:colcon.colcon_core.environment:checking '/home/sithija/voyager_ws/install/voyager_msgs' for CMake module files
[2.283s] Level 1:colcon.colcon_core.environment:checking '/home/sithija/voyager_ws/install/voyager_msgs' for CMake config files
[2.283s] Level 1:colcon.colcon_core.shell:create_environment_hook('voyager_msgs', 'cmake_prefix_path')
[2.297s] INFO:colcon.colcon_core.shell:Creating environment hook '/home/sithija/voyager_ws/install/voyager_msgs/share/voyager_msgs/hook/cmake_prefix_path.ps1'
[2.297s] INFO:colcon.colcon_core.shell:Creating environment descriptor '/home/sithija/voyager_ws/install/voyager_msgs/share/voyager_msgs/hook/cmake_prefix_path.dsv'
[2.298s] INFO:colcon.colcon_core.shell:Creating environment hook '/home/sithija/voyager_ws/install/voyager_msgs/share/voyager_msgs/hook/cmake_prefix_path.sh'
[2.298s] Level 1:colcon.colcon_core.environment:checking '/home/sithija/voyager_ws/install/voyager_msgs/lib'
[2.298s] Level 1:colcon.colcon_core.shell:create_environment_hook('voyager_msgs', 'ld_library_path_lib')
[2.312s] INFO:colcon.colcon_core.shell:Creating environment hook '/home/sithija/voyager_ws/install/voyager_msgs/share/voyager_msgs/hook/ld_library_path_lib.ps1'
[2.312s] INFO:colcon.colcon_core.shell:Creating environment descriptor '/home/sithija/voyager_ws/install/voyager_msgs/share/voyager_msgs/hook/ld_library_path_lib.dsv'
[2.313s] INFO:colcon.colcon_core.shell:Creating environment hook '/home/sithija/voyager_ws/install/voyager_msgs/share/voyager_msgs/hook/ld_library_path_lib.sh'
[2.313s] Level 1:colcon.colcon_core.environment:checking '/home/sithija/voyager_ws/install/voyager_msgs/bin'
[2.313s] Level 1:colcon.colcon_core.environment:checking '/home/sithija/voyager_ws/install/voyager_msgs/lib/pkgconfig/voyager_msgs.pc'
[2.313s] Level 1:colcon.colcon_core.environment:checking '/home/sithija/voyager_ws/install/voyager_msgs/lib/python3.10/site-packages'
[2.313s] Level 1:colcon.colcon_core.environment:checking '/home/sithija/voyager_ws/install/voyager_msgs/bin'
[2.327s] INFO:colcon.colcon_core.shell:Creating package script '/home/sithija/voyager_ws/install/voyager_msgs/share/voyager_msgs/package.ps1'
[2.328s] INFO:colcon.colcon_core.shell:Creating package descriptor '/home/sithija/voyager_ws/install/voyager_msgs/share/voyager_msgs/package.dsv'
[2.328s] INFO:colcon.colcon_core.shell:Creating package script '/home/sithija/voyager_ws/install/voyager_msgs/share/voyager_msgs/package.sh'
[2.328s] INFO:colcon.colcon_core.shell:Creating package script '/home/sithija/voyager_ws/install/voyager_msgs/share/voyager_msgs/package.bash'
[2.329s] INFO:colcon.colcon_core.shell:Creating package script '/home/sithija/voyager_ws/install/voyager_msgs/share/voyager_msgs/package.zsh'
[2.329s] Level 1:colcon.colcon_core.environment:create_file_with_runtime_dependencies(/home/sithija/voyager_ws/install/voyager_msgs/share/colcon-core/packages/voyager_msgs)
[2.329s] INFO:colcon.colcon_ros.task.ament_cmake.build:Building ROS package in '/home/sithija/voyager_ws/src/voyager_description' with build type 'ament_cmake'
[2.329s] INFO:colcon.colcon_cmake.task.cmake.build:Building CMake package in '/home/sithija/voyager_ws/src/voyager_description'
[2.343s] INFO:colcon.colcon_core.shell:Skip shell extension 'powershell' for command environment: Not usable outside of PowerShell
[2.343s] DEBUG:colcon.colcon_core.shell:Skip shell extension 'dsv' for command environment
[2.400s] DEBUG:colcon.colcon_core.event_handler.log_command:Invoking command in '/home/sithija/voyager_ws/build/voyager_description': CMAKE_PREFIX_PATH=/home/sithija/voyager_ws/install/voyager_msgs:/home/sithija/voyager_ws/install/voyager_description:/home/sithija/voyager_ws/install/voyager_controller:/opt/ros/humble /usr/bin/cmake --build /home/sithija/voyager_ws/build/voyager_description -- -j16 -l16
[2.533s] DEBUG:colcon.colcon_core.event_handler.log_command:Invoked command in '/home/sithija/voyager_ws/build/voyager_description' returned '0': CMAKE_PREFIX_PATH=/home/sithija/voyager_ws/install/voyager_msgs:/home/sithija/voyager_ws/install/voyager_description:/home/sithija/voyager_ws/install/voyager_controller:/opt/ros/humble /usr/bin/cmake --build /home/sithija/voyager_ws/build/voyager_description -- -j16 -l16
[2.573s] DEBUG:colcon.colcon_core.event_handler.log_command:Invoking command in '/home/sithija/voyager_ws/build/voyager_description': CMAKE_PREFIX_PATH=/home/sithija/voyager_ws/install/voyager_msgs:/home/sithija/voyager_ws/install/voyager_description:/home/sithija/voyager_ws/install/voyager_controller:/opt/ros/humble /usr/bin/cmake --install /home/sithija/voyager_ws/build/voyager_description
[2.608s] Level 1:colcon.colcon_core.environment:create_environment_scripts_only(voyager_description)
[2.609s] DEBUG:colcon.colcon_core.event_handler.log_command:Invoked command in '/home/sithija/voyager_ws/build/voyager_description' returned '0': CMAKE_PREFIX_PATH=/home/sithija/voyager_ws/install/voyager_msgs:/home/sithija/voyager_ws/install/voyager_description:/home/sithija/voyager_ws/install/voyager_controller:/opt/ros/humble /usr/bin/cmake --install /home/sithija/voyager_ws/build/voyager_description
[2.622s] Level 1:colcon.colcon_core.environment:checking '/home/sithija/voyager_ws/install/voyager_description' for CMake module files
[2.623s] Level 1:colcon.colcon_core.environment:checking '/home/sithija/voyager_ws/install/voyager_description' for CMake config files
[2.623s] Level 1:colcon.colcon_core.shell:create_environment_hook('voyager_description', 'cmake_prefix_path')
[2.646s] INFO:colcon.colcon_core.shell:Creating environment hook '/home/sithija/voyager_ws/install/voyager_description/share/voyager_description/hook/cmake_prefix_path.ps1'
[2.647s] INFO:colcon.colcon_core.shell:Creating environment descriptor '/home/sithija/voyager_ws/install/voyager_description/share/voyager_description/hook/cmake_prefix_path.dsv'
[2.648s] INFO:colcon.colcon_core.shell:Creating environment hook '/home/sithija/voyager_ws/install/voyager_description/share/voyager_description/hook/cmake_prefix_path.sh'
[2.649s] Level 1:colcon.colcon_core.environment:checking '/home/sithija/voyager_ws/install/voyager_description/lib'
[2.649s] Level 1:colcon.colcon_core.environment:checking '/home/sithija/voyager_ws/install/voyager_description/bin'
[2.649s] Level 1:colcon.colcon_core.environment:checking '/home/sithija/voyager_ws/install/voyager_description/lib/pkgconfig/voyager_description.pc'
[2.649s] Level 1:colcon.colcon_core.environment:checking '/home/sithija/voyager_ws/install/voyager_description/lib/python3.10/site-packages'
[2.650s] Level 1:colcon.colcon_core.environment:checking '/home/sithija/voyager_ws/install/voyager_description/bin'
[2.684s] INFO:colcon.colcon_core.shell:Creating package script '/home/sithija/voyager_ws/install/voyager_description/share/voyager_description/package.ps1'
[2.685s] INFO:colcon.colcon_core.shell:Creating package descriptor '/home/sithija/voyager_ws/install/voyager_description/share/voyager_description/package.dsv'
[2.686s] INFO:colcon.colcon_core.shell:Creating package script '/home/sithija/voyager_ws/install/voyager_description/share/voyager_description/package.sh'
[2.686s] INFO:colcon.colcon_core.shell:Creating package script '/home/sithija/voyager_ws/install/voyager_description/share/voyager_description/package.bash'
[2.687s] INFO:colcon.colcon_core.shell:Creating package script '/home/sithija/voyager_ws/install/voyager_description/share/voyager_description/package.zsh'
[2.687s] Level 1:colcon.colcon_core.environment:create_file_with_runtime_dependencies(/home/sithija/voyager_ws/install/voyager_description/share/colcon-core/packages/voyager_description)
[2.764s] Level 1:colcon.colcon_core.environment:create_environment_scripts_only(voyager_description)
[2.791s] Level 1:colcon.colcon_core.environment:checking '/home/sithija/voyager_ws/install/voyager_description' for CMake module files
[2.791s] Level 1:colcon.colcon_core.environment:checking '/home/sithija/voyager_ws/install/voyager_description' for CMake config files
[2.792s] Level 1:colcon.colcon_core.shell:create_environment_hook('voyager_description', 'cmake_prefix_path')
[2.804s] INFO:colcon.colcon_core.shell:Creating environment hook '/home/sithija/voyager_ws/install/voyager_description/share/voyager_description/hook/cmake_prefix_path.ps1'
[2.805s] INFO:colcon.colcon_core.shell:Creating environment descriptor '/home/sithija/voyager_ws/install/voyager_description/share/voyager_description/hook/cmake_prefix_path.dsv'
[2.805s] INFO:colcon.colcon_core.shell:Creating environment hook '/home/sithija/voyager_ws/install/voyager_description/share/voyager_description/hook/cmake_prefix_path.sh'
[2.805s] Level 1:colcon.colcon_core.environment:checking '/home/sithija/voyager_ws/install/voyager_description/lib'
[2.806s] Level 1:colcon.colcon_core.environment:checking '/home/sithija/voyager_ws/install/voyager_description/bin'
[2.806s] Level 1:colcon.colcon_core.environment:checking '/home/sithija/voyager_ws/install/voyager_description/lib/pkgconfig/voyager_description.pc'
[2.806s] Level 1:colcon.colcon_core.environment:checking '/home/sithija/voyager_ws/install/voyager_description/lib/python3.10/site-packages'
[2.806s] Level 1:colcon.colcon_core.environment:checking '/home/sithija/voyager_ws/install/voyager_description/bin'
[2.820s] INFO:colcon.colcon_core.shell:Creating package script '/home/sithija/voyager_ws/install/voyager_description/share/voyager_description/package.ps1'
[2.820s] INFO:colcon.colcon_core.shell:Creating package descriptor '/home/sithija/voyager_ws/install/voyager_description/share/voyager_description/package.dsv'
[2.821s] INFO:colcon.colcon_core.shell:Creating package script '/home/sithija/voyager_ws/install/voyager_description/share/voyager_description/package.sh'
[2.821s] INFO:colcon.colcon_core.shell:Creating package script '/home/sithija/voyager_ws/install/voyager_description/share/voyager_description/package.bash'
[2.821s] INFO:colcon.colcon_core.shell:Creating package script '/home/sithija/voyager_ws/install/voyager_description/share/voyager_description/package.zsh'
[2.822s] Level 1:colcon.colcon_core.environment:create_file_with_runtime_dependencies(/home/sithija/voyager_ws/install/voyager_description/share/colcon-core/packages/voyager_description)
[2.822s] DEBUG:colcon.colcon_parallel_executor.executor.parallel:closing loop
[2.822s] DEBUG:colcon.colcon_parallel_executor.executor.parallel:loop closed
[2.822s] DEBUG:colcon.colcon_parallel_executor.executor.parallel:run_until_complete finished with '0'
[2.822s] DEBUG:colcon.colcon_core.event_reactor:joining thread
[2.868s] INFO:colcon.colcon_core.plugin_system:Skipping extension 'colcon_notification.desktop_notification.terminal_notifier': Not used on non-Darwin systems
[2.868s] INFO:colcon.colcon_core.plugin_system:Skipping extension 'colcon_notification.desktop_notification.win32': Not used on non-Windows systems
[2.868s] INFO:colcon.colcon_notification.desktop_notification:Sending desktop notification using 'notify2'
[2.892s] DEBUG:colcon.colcon_core.event_reactor:joined thread
[2.907s] INFO:colcon.colcon_core.shell:Creating prefix script '/home/sithija/voyager_ws/install/local_setup.ps1'
[2.908s] INFO:colcon.colcon_core.shell:Creating prefix util module '/home/sithija/voyager_ws/install/_local_setup_util_ps1.py'
[2.909s] INFO:colcon.colcon_core.shell:Creating prefix chain script '/home/sithija/voyager_ws/install/setup.ps1'
[2.923s] INFO:colcon.colcon_core.shell:Creating prefix script '/home/sithija/voyager_ws/install/local_setup.sh'
[2.923s] INFO:colcon.colcon_core.shell:Creating prefix util module '/home/sithija/voyager_ws/install/_local_setup_util_sh.py'
[2.924s] INFO:colcon.colcon_core.shell:Creating prefix chain script '/home/sithija/voyager_ws/install/setup.sh'
[2.938s] INFO:colcon.colcon_core.shell:Creating prefix script '/home/sithija/voyager_ws/install/local_setup.bash'
[2.938s] INFO:colcon.colcon_core.shell:Creating prefix chain script '/home/sithija/voyager_ws/install/setup.bash'
[2.952s] INFO:colcon.colcon_core.shell:Creating prefix script '/home/sithija/voyager_ws/install/local_setup.zsh'
[2.952s] INFO:colcon.colcon_core.shell:Creating prefix chain script '/home/sithija/voyager_ws/install/setup.zsh'
