[0.069s] Invoking command in '/home/sithija/voyager_ws/build/voyager_description': CMAKE_PREFIX_PATH=/home/sithija/voyager_ws/install/voyager_msgs:/home/sithija/voyager_ws/install/voyager_description:/home/sithija/voyager_ws/install/voyager_controller:/opt/ros/humble /usr/bin/cmake --build /home/sithija/voyager_ws/build/voyager_description -- -j16 -l16
[0.145s] [35m[1mConsolidate compiler generated dependencies of target camera_tf_kinematics[0m
[0.176s] [100%] Built target camera_tf_kinematics
[0.202s] Invoked command in '/home/sithija/voyager_ws/build/voyager_description' returned '0': CMAKE_PREFIX_PATH=/home/sithija/voyager_ws/install/voyager_msgs:/home/sithija/voyager_ws/install/voyager_description:/home/sithija/voyager_ws/install/voyager_controller:/opt/ros/humble /usr/bin/cmake --build /home/sithija/voyager_ws/build/voyager_description -- -j16 -l16
[0.242s] Invoking command in '/home/sithija/voyager_ws/build/voyager_description': CMAKE_PREFIX_PATH=/home/sithija/voyager_ws/install/voyager_msgs:/home/sithija/voyager_ws/install/voyager_description:/home/sithija/voyager_ws/install/voyager_controller:/opt/ros/humble /usr/bin/cmake --install /home/sithija/voyager_ws/build/voyager_description
[0.256s] -- Install configuration: ""
[0.257s] -- Execute custom install script
[0.257s] -- Up-to-date symlink: /home/sithija/voyager_ws/install/voyager_description/share/voyager_description/urdf/.vscode/c_cpp_properties.json
[0.258s] -- Up-to-date symlink: /home/sithija/voyager_ws/install/voyager_description/share/voyager_description/urdf/.vscode/settings.json
[0.258s] -- Up-to-date symlink: /home/sithija/voyager_ws/install/voyager_description/share/voyager_description/urdf/inertia_calculator.py
[0.258s] -- Up-to-date symlink: /home/sithija/voyager_ws/install/voyager_description/share/voyager_description/urdf/voyager.urdf.xacro
[0.258s] -- Up-to-date symlink: /home/sithija/voyager_ws/install/voyager_description/share/voyager_description/urdf/voyager_control.xacro
[0.258s] -- Up-to-date symlink: /home/sithija/voyager_ws/install/voyager_description/share/voyager_description/urdf/voyager_gazebo.xacro
[0.259s] -- Up-to-date symlink: /home/sithija/voyager_ws/install/voyager_description/share/voyager_description/meshes/wheel.STL
[0.259s] -- Up-to-date symlink: /home/sithija/voyager_ws/install/voyager_description/share/voyager_description/launch/display.launch.py
[0.259s] -- Up-to-date symlink: /home/sithija/voyager_ws/install/voyager_description/share/voyager_description/launch/voyager_gazebo.launch.py
[0.260s] -- Up-to-date symlink: /home/sithija/voyager_ws/install/voyager_description/share/voyager_description/rviz/display.rviz
[0.260s] -- Up-to-date symlink: /home/sithija/voyager_ws/install/voyager_description/lib/voyager_description/camera_tf_kinematics
[0.260s] -- Up-to-date symlink: /home/sithija/voyager_ws/install/voyager_description/share/ament_index/resource_index/package_run_dependencies/voyager_description
[0.261s] -- Up-to-date symlink: /home/sithija/voyager_ws/install/voyager_description/share/ament_index/resource_index/parent_prefix_path/voyager_description
[0.261s] -- Up-to-date symlink: /home/sithija/voyager_ws/install/voyager_description/share/voyager_description/environment/ament_prefix_path.sh
[0.261s] -- Up-to-date symlink: /home/sithija/voyager_ws/install/voyager_description/share/voyager_description/environment/ament_prefix_path.dsv
[0.262s] -- Up-to-date symlink: /home/sithija/voyager_ws/install/voyager_description/share/voyager_description/environment/path.sh
[0.262s] -- Up-to-date symlink: /home/sithija/voyager_ws/install/voyager_description/share/voyager_description/environment/path.dsv
[0.262s] -- Up-to-date symlink: /home/sithija/voyager_ws/install/voyager_description/share/voyager_description/local_setup.bash
[0.262s] -- Up-to-date symlink: /home/sithija/voyager_ws/install/voyager_description/share/voyager_description/local_setup.sh
[0.263s] -- Up-to-date symlink: /home/sithija/voyager_ws/install/voyager_description/share/voyager_description/local_setup.zsh
[0.263s] -- Up-to-date symlink: /home/sithija/voyager_ws/install/voyager_description/share/voyager_description/local_setup.dsv
[0.263s] -- Symlinking: /home/sithija/voyager_ws/install/voyager_description/share/voyager_description/package.dsv
[0.274s] -- Up-to-date symlink: /home/sithija/voyager_ws/install/voyager_description/share/ament_index/resource_index/packages/voyager_description
[0.274s] -- Up-to-date symlink: /home/sithija/voyager_ws/install/voyager_description/share/voyager_description/cmake/voyager_descriptionConfig.cmake
[0.274s] -- Up-to-date symlink: /home/sithija/voyager_ws/install/voyager_description/share/voyager_description/cmake/voyager_descriptionConfig-version.cmake
[0.274s] -- Up-to-date symlink: /home/sithija/voyager_ws/install/voyager_description/share/voyager_description/package.xml
[0.279s] Invoked command in '/home/sithija/voyager_ws/build/voyager_description' returned '0': CMAKE_PREFIX_PATH=/home/sithija/voyager_ws/install/voyager_msgs:/home/sithija/voyager_ws/install/voyager_description:/home/sithija/voyager_ws/install/voyager_controller:/opt/ros/humble /usr/bin/cmake --install /home/sithija/voyager_ws/build/voyager_description
