-- The C compiler identification is GNU 11.4.0
-- The CXX compiler identification is GNU 11.4.0
-- Detecting C compiler ABI info
-- Detecting C compiler ABI info - done
-- Check for working C compiler: /usr/bin/cc - skipped
-- Detecting C compile features
-- Detecting C compile features - done
-- Detecting CXX compiler ABI info
-- Detecting CXX compiler ABI info - done
-- Check for working CXX compiler: /usr/bin/c++ - skipped
-- Detecting CXX compile features
-- Detecting CXX compile features - done
-- Found ament_cmake: 1.3.6 (/opt/ros/humble/share/ament_cmake/cmake)
-- Found Python3: /usr/bin/python3.10 (found version "3.10.12") found components: Interpreter 
-- Override CMake install command with custom implementation using symlinks instead of copying resources
-- Found geometry_msgs: 4.2.3 (/opt/ros/humble/share/geometry_msgs/cmake)
-- Found rosidl_generator_c: 3.1.5 (/opt/ros/humble/share/rosidl_generator_c/cmake)
-- Found rosidl_adapter: 3.1.5 (/opt/ros/humble/share/rosidl_adapter/cmake)
-- Found rosidl_generator_cpp: 3.1.5 (/opt/ros/humble/share/rosidl_generator_cpp/cmake)
-- Using all available rosidl_typesupport_c: rosidl_typesupport_fastrtps_c;rosidl_typesupport_introspection_c
-- Using all available rosidl_typesupport_cpp: rosidl_typesupport_fastrtps_cpp;rosidl_typesupport_introspection_cpp
-- Found rosidl_default_generators: 1.2.0 (/opt/ros/humble/share/rosidl_default_generators/cmake)
-- Found ament_cmake_ros: 0.10.0 (/opt/ros/humble/share/ament_cmake_ros/cmake)
-- Using all available rosidl_typesupport_c: rosidl_typesupport_fastrtps_c;rosidl_typesupport_introspection_c
-- Using all available rosidl_typesupport_cpp: rosidl_typesupport_fastrtps_cpp;rosidl_typesupport_introspection_cpp
-- Found PythonInterp: /usr/bin/python3 (found suitable version "3.10.12", minimum required is "3.6") 
-- Found python_cmake_module: 0.10.0 (/opt/ros/humble/share/python_cmake_module/cmake)
-- Found PythonLibs: /usr/lib/x86_64-linux-gnu/libpython3.10.so (found suitable version "3.10.12", minimum required is "3.5") 
-- Using PYTHON_EXECUTABLE: /usr/bin/python3
-- Using PYTHON_INCLUDE_DIRS: /usr/include/python3.10
-- Using PYTHON_LIBRARIES: /usr/lib/x86_64-linux-gnu/libpython3.10.so
-- Found PythonExtra: .so  
-- Configuring done
-- Generating done
-- Build files have been written to: /home/sithija/voyager_ws/build/voyager_msgs
[  3%] [34m[1mGenerating C code for ROS interfaces[0m
[  3%] Built target ament_cmake_python_symlink_voyager_msgs
[  6%] [34m[1mGenerating C++ code for ROS interfaces[0m
running egg_info
creating voyager_msgs.egg-info
writing voyager_msgs.egg-info/PKG-INFO
writing dependency_links to voyager_msgs.egg-info/dependency_links.txt
writing top-level names to voyager_msgs.egg-info/top_level.txt
writing manifest file 'voyager_msgs.egg-info/SOURCES.txt'
reading manifest file 'voyager_msgs.egg-info/SOURCES.txt'
writing manifest file 'voyager_msgs.egg-info/SOURCES.txt'
[  9%] [32mBuilding C object CMakeFiles/voyager_msgs__rosidl_generator_c.dir/rosidl_generator_c/voyager_msgs/srv/detail/get_transform__functions.c.o[0m
[  9%] Built target voyager_msgs__cpp
[  9%] Built target ament_cmake_python_build_voyager_msgs_egg
[ 19%] [34m[1mGenerating C++ type support for eProsima Fast-RTPS[0m
[ 19%] [34m[1mGenerating C++ type support dispatch for ROS interfaces[0m
[ 19%] [34m[1mGenerating C++ introspection for ROS interfaces[0m
[ 22%] [32m[1mLinking C shared library libvoyager_msgs__rosidl_generator_c.so[0m
[ 22%] Built target voyager_msgs__rosidl_generator_c
[ 29%] [34m[1mGenerating C introspection for ROS interfaces[0m
[ 29%] [34m[1mGenerating C type support for eProsima Fast-RTPS[0m
[ 32%] [34m[1mGenerating C type support dispatch for ROS interfaces[0m
[ 35%] [32mBuilding CXX object CMakeFiles/voyager_msgs__rosidl_typesupport_cpp.dir/rosidl_typesupport_cpp/voyager_msgs/srv/get_transform__type_support.cpp.o[0m
[ 38%] [32mBuilding CXX object CMakeFiles/voyager_msgs__rosidl_typesupport_fastrtps_cpp.dir/rosidl_typesupport_fastrtps_cpp/voyager_msgs/srv/detail/dds_fastrtps/get_transform__type_support.cpp.o[0m
[ 41%] [32mBuilding CXX object CMakeFiles/voyager_msgs__rosidl_typesupport_introspection_cpp.dir/rosidl_typesupport_introspection_cpp/voyager_msgs/srv/detail/get_transform__type_support.cpp.o[0m
[ 45%] [32mBuilding CXX object CMakeFiles/voyager_msgs__rosidl_typesupport_c.dir/rosidl_typesupport_c/voyager_msgs/srv/get_transform__type_support.cpp.o[0m
[ 48%] [32mBuilding C object CMakeFiles/voyager_msgs__rosidl_typesupport_introspection_c.dir/rosidl_typesupport_introspection_c/voyager_msgs/srv/detail/get_transform__type_support.c.o[0m
[ 51%] [32mBuilding CXX object CMakeFiles/voyager_msgs__rosidl_typesupport_fastrtps_c.dir/rosidl_typesupport_fastrtps_c/voyager_msgs/srv/detail/get_transform__type_support_c.cpp.o[0m
[ 54%] [32m[1mLinking CXX shared library libvoyager_msgs__rosidl_typesupport_c.so[0m
[ 58%] [32m[1mLinking C shared library libvoyager_msgs__rosidl_typesupport_introspection_c.so[0m
[ 58%] Built target voyager_msgs__rosidl_typesupport_c
[ 58%] Built target voyager_msgs__rosidl_typesupport_introspection_c
[ 61%] [32m[1mLinking CXX shared library libvoyager_msgs__rosidl_typesupport_cpp.so[0m
[ 61%] Built target voyager_msgs__rosidl_typesupport_cpp
[ 64%] [32m[1mLinking CXX shared library libvoyager_msgs__rosidl_typesupport_fastrtps_cpp.so[0m
[ 67%] [32m[1mLinking CXX shared library libvoyager_msgs__rosidl_typesupport_introspection_cpp.so[0m
[ 70%] [32m[1mLinking CXX shared library libvoyager_msgs__rosidl_typesupport_fastrtps_c.so[0m
[ 70%] Built target voyager_msgs__rosidl_typesupport_introspection_cpp
[ 70%] Built target voyager_msgs__rosidl_typesupport_fastrtps_cpp
[ 70%] Built target voyager_msgs__rosidl_typesupport_fastrtps_c
[ 70%] Built target voyager_msgs
[ 74%] [34m[1mGenerating Python code for ROS interfaces[0m
[ 74%] Built target voyager_msgs__py
[ 77%] [32mBuilding C object CMakeFiles/voyager_msgs__rosidl_generator_py.dir/rosidl_generator_py/voyager_msgs/srv/_get_transform_s.c.o[0m
[ 80%] [32m[1mLinking C shared library rosidl_generator_py/voyager_msgs/libvoyager_msgs__rosidl_generator_py.so[0m
[ 80%] Built target voyager_msgs__rosidl_generator_py
[ 83%] [32mBuilding C object CMakeFiles/voyager_msgs__rosidl_typesupport_c__pyext.dir/rosidl_generator_py/voyager_msgs/_voyager_msgs_s.ep.rosidl_typesupport_c.c.o[0m
[ 87%] [32mBuilding C object CMakeFiles/voyager_msgs__rosidl_typesupport_fastrtps_c__pyext.dir/rosidl_generator_py/voyager_msgs/_voyager_msgs_s.ep.rosidl_typesupport_fastrtps_c.c.o[0m
[ 90%] [32mBuilding C object CMakeFiles/voyager_msgs__rosidl_typesupport_introspection_c__pyext.dir/rosidl_generator_py/voyager_msgs/_voyager_msgs_s.ep.rosidl_typesupport_introspection_c.c.o[0m
[ 93%] [32m[1mLinking C shared library rosidl_generator_py/voyager_msgs/voyager_msgs_s__rosidl_typesupport_introspection_c.cpython-310-x86_64-linux-gnu.so[0m
[ 96%] [32m[1mLinking C shared library rosidl_generator_py/voyager_msgs/voyager_msgs_s__rosidl_typesupport_c.cpython-310-x86_64-linux-gnu.so[0m
[100%] [32m[1mLinking C shared library rosidl_generator_py/voyager_msgs/voyager_msgs_s__rosidl_typesupport_fastrtps_c.cpython-310-x86_64-linux-gnu.so[0m
[100%] Built target voyager_msgs__rosidl_typesupport_introspection_c__pyext
[100%] Built target voyager_msgs__rosidl_typesupport_fastrtps_c__pyext
[100%] Built target voyager_msgs__rosidl_typesupport_c__pyext
-- Install configuration: ""
-- Execute custom install script
-- Symlinking: /home/sithija/voyager_ws/install/voyager_msgs/share/ament_index/resource_index/rosidl_interfaces/voyager_msgs
-- Symlinking: /home/sithija/voyager_ws/install/voyager_msgs/include/voyager_msgs/voyager_msgs/msg/rosidl_generator_c__visibility_control.h
-- Symlinking: /home/sithija/voyager_ws/install/voyager_msgs/include/voyager_msgs/voyager_msgs/srv/detail/get_transform__functions.h
-- Symlinking: /home/sithija/voyager_ws/install/voyager_msgs/include/voyager_msgs/voyager_msgs/srv/detail/get_transform__struct.h
-- Symlinking: /home/sithija/voyager_ws/install/voyager_msgs/include/voyager_msgs/voyager_msgs/srv/detail/get_transform__type_support.h
-- Symlinking: /home/sithija/voyager_ws/install/voyager_msgs/include/voyager_msgs/voyager_msgs/srv/get_transform.h
-- Symlinking: /home/sithija/voyager_ws/install/voyager_msgs/share/voyager_msgs/environment/library_path.sh
-- Symlinking: /home/sithija/voyager_ws/install/voyager_msgs/share/voyager_msgs/environment/library_path.dsv
-- Symlinking: /home/sithija/voyager_ws/install/voyager_msgs/include/voyager_msgs/voyager_msgs/msg/rosidl_typesupport_fastrtps_c__visibility_control.h
-- Symlinking: /home/sithija/voyager_ws/install/voyager_msgs/include/voyager_msgs/voyager_msgs/srv/detail/get_transform__rosidl_typesupport_fastrtps_c.h
-- Symlinking: /home/sithija/voyager_ws/install/voyager_msgs/include/voyager_msgs/voyager_msgs/srv/detail/get_transform__builder.hpp
-- Symlinking: /home/sithija/voyager_ws/install/voyager_msgs/include/voyager_msgs/voyager_msgs/srv/detail/get_transform__struct.hpp
-- Symlinking: /home/sithija/voyager_ws/install/voyager_msgs/include/voyager_msgs/voyager_msgs/srv/detail/get_transform__traits.hpp
-- Symlinking: /home/sithija/voyager_ws/install/voyager_msgs/include/voyager_msgs/voyager_msgs/srv/get_transform.hpp
-- Symlinking: /home/sithija/voyager_ws/install/voyager_msgs/include/voyager_msgs/voyager_msgs/msg/rosidl_typesupport_fastrtps_cpp__visibility_control.h
-- Symlinking: /home/sithija/voyager_ws/install/voyager_msgs/include/voyager_msgs/voyager_msgs/srv/detail/get_transform__rosidl_typesupport_fastrtps_cpp.hpp
-- Symlinking: /home/sithija/voyager_ws/install/voyager_msgs/include/voyager_msgs/voyager_msgs/msg/rosidl_typesupport_introspection_c__visibility_control.h
-- Symlinking: /home/sithija/voyager_ws/install/voyager_msgs/include/voyager_msgs/voyager_msgs/srv/detail/get_transform__rosidl_typesupport_introspection_c.h
-- Symlinking: /home/sithija/voyager_ws/install/voyager_msgs/include/voyager_msgs/voyager_msgs/srv/detail/get_transform__rosidl_typesupport_introspection_cpp.hpp
-- Symlinking: /home/sithija/voyager_ws/install/voyager_msgs/share/voyager_msgs/environment/pythonpath.sh
-- Symlinking: /home/sithija/voyager_ws/install/voyager_msgs/share/voyager_msgs/environment/pythonpath.dsv
-- Symlinking: /home/sithija/voyager_ws/install/voyager_msgs/local/lib/python3.10/dist-packages/voyager_msgs-0.0.0-py3.10.egg-info/PKG-INFO
-- Symlinking: /home/sithija/voyager_ws/install/voyager_msgs/local/lib/python3.10/dist-packages/voyager_msgs-0.0.0-py3.10.egg-info/SOURCES.txt
-- Symlinking: /home/sithija/voyager_ws/install/voyager_msgs/local/lib/python3.10/dist-packages/voyager_msgs-0.0.0-py3.10.egg-info/dependency_links.txt
-- Symlinking: /home/sithija/voyager_ws/install/voyager_msgs/local/lib/python3.10/dist-packages/voyager_msgs-0.0.0-py3.10.egg-info/top_level.txt
-- Symlinking: /home/sithija/voyager_ws/install/voyager_msgs/local/lib/python3.10/dist-packages/voyager_msgs/__init__.py
-- Symlinking: /home/sithija/voyager_ws/install/voyager_msgs/local/lib/python3.10/dist-packages/voyager_msgs/_voyager_msgs_s.ep.rosidl_typesupport_c.c
-- Symlinking: /home/sithija/voyager_ws/install/voyager_msgs/local/lib/python3.10/dist-packages/voyager_msgs/_voyager_msgs_s.ep.rosidl_typesupport_fastrtps_c.c
-- Symlinking: /home/sithija/voyager_ws/install/voyager_msgs/local/lib/python3.10/dist-packages/voyager_msgs/_voyager_msgs_s.ep.rosidl_typesupport_introspection_c.c
-- Symlinking: /home/sithija/voyager_ws/install/voyager_msgs/local/lib/python3.10/dist-packages/voyager_msgs/libvoyager_msgs__rosidl_generator_py.so
-- Symlinking: /home/sithija/voyager_ws/install/voyager_msgs/local/lib/python3.10/dist-packages/voyager_msgs/srv/__init__.py
-- Symlinking: /home/sithija/voyager_ws/install/voyager_msgs/local/lib/python3.10/dist-packages/voyager_msgs/srv/_get_transform.py
-- Symlinking: /home/sithija/voyager_ws/install/voyager_msgs/local/lib/python3.10/dist-packages/voyager_msgs/srv/_get_transform_s.c
-- Symlinking: /home/sithija/voyager_ws/install/voyager_msgs/local/lib/python3.10/dist-packages/voyager_msgs/voyager_msgs_s__rosidl_typesupport_c.cpython-310-x86_64-linux-gnu.so
-- Symlinking: /home/sithija/voyager_ws/install/voyager_msgs/local/lib/python3.10/dist-packages/voyager_msgs/voyager_msgs_s__rosidl_typesupport_fastrtps_c.cpython-310-x86_64-linux-gnu.so
-- Symlinking: /home/sithija/voyager_ws/install/voyager_msgs/local/lib/python3.10/dist-packages/voyager_msgs/voyager_msgs_s__rosidl_typesupport_introspection_c.cpython-310-x86_64-linux-gnu.so
-- Up-to-date symlink: /home/sithija/voyager_ws/install/voyager_msgs/local/lib/python3.10/dist-packages/voyager_msgs/voyager_msgs_s__rosidl_typesupport_fastrtps_c.cpython-310-x86_64-linux-gnu.so
-- Up-to-date symlink: /home/sithija/voyager_ws/install/voyager_msgs/local/lib/python3.10/dist-packages/voyager_msgs/voyager_msgs_s__rosidl_typesupport_introspection_c.cpython-310-x86_64-linux-gnu.so
-- Up-to-date symlink: /home/sithija/voyager_ws/install/voyager_msgs/local/lib/python3.10/dist-packages/voyager_msgs/voyager_msgs_s__rosidl_typesupport_c.cpython-310-x86_64-linux-gnu.so
-- Symlinking: /home/sithija/voyager_ws/install/voyager_msgs/share/voyager_msgs/srv/GetTransform.idl
-- Symlinking: /home/sithija/voyager_ws/install/voyager_msgs/share/voyager_msgs/srv/GetTransform.srv
-- Symlinking: /home/sithija/voyager_ws/install/voyager_msgs/share/voyager_msgs/srv/GetTransform_Request.msg
-- Symlinking: /home/sithija/voyager_ws/install/voyager_msgs/share/voyager_msgs/srv/GetTransform_Response.msg
-- Symlinking: /home/sithija/voyager_ws/install/voyager_msgs/share/ament_index/resource_index/package_run_dependencies/voyager_msgs
-- Symlinking: /home/sithija/voyager_ws/install/voyager_msgs/share/ament_index/resource_index/parent_prefix_path/voyager_msgs
-- Symlinking: /home/sithija/voyager_ws/install/voyager_msgs/share/voyager_msgs/environment/ament_prefix_path.sh
-- Symlinking: /home/sithija/voyager_ws/install/voyager_msgs/share/voyager_msgs/environment/ament_prefix_path.dsv
-- Symlinking: /home/sithija/voyager_ws/install/voyager_msgs/share/voyager_msgs/environment/path.sh
-- Symlinking: /home/sithija/voyager_ws/install/voyager_msgs/share/voyager_msgs/environment/path.dsv
-- Symlinking: /home/sithija/voyager_ws/install/voyager_msgs/share/voyager_msgs/local_setup.bash
-- Symlinking: /home/sithija/voyager_ws/install/voyager_msgs/share/voyager_msgs/local_setup.sh
-- Symlinking: /home/sithija/voyager_ws/install/voyager_msgs/share/voyager_msgs/local_setup.zsh
-- Symlinking: /home/sithija/voyager_ws/install/voyager_msgs/share/voyager_msgs/local_setup.dsv
-- Symlinking: /home/sithija/voyager_ws/install/voyager_msgs/share/voyager_msgs/package.dsv
-- Symlinking: /home/sithija/voyager_ws/install/voyager_msgs/share/ament_index/resource_index/packages/voyager_msgs
-- Symlinking: /home/sithija/voyager_ws/install/voyager_msgs/share/voyager_msgs/cmake/rosidl_cmake-extras.cmake
-- Symlinking: /home/sithija/voyager_ws/install/voyager_msgs/share/voyager_msgs/cmake/ament_cmake_export_dependencies-extras.cmake
-- Symlinking: /home/sithija/voyager_ws/install/voyager_msgs/share/voyager_msgs/cmake/ament_cmake_export_include_directories-extras.cmake
-- Symlinking: /home/sithija/voyager_ws/install/voyager_msgs/share/voyager_msgs/cmake/ament_cmake_export_libraries-extras.cmake
-- Symlinking: /home/sithija/voyager_ws/install/voyager_msgs/share/voyager_msgs/cmake/ament_cmake_export_targets-extras.cmake
-- Symlinking: /home/sithija/voyager_ws/install/voyager_msgs/share/voyager_msgs/cmake/rosidl_cmake_export_typesupport_targets-extras.cmake
-- Symlinking: /home/sithija/voyager_ws/install/voyager_msgs/share/voyager_msgs/cmake/rosidl_cmake_export_typesupport_libraries-extras.cmake
-- Symlinking: /home/sithija/voyager_ws/install/voyager_msgs/share/voyager_msgs/cmake/voyager_msgsConfig.cmake
-- Symlinking: /home/sithija/voyager_ws/install/voyager_msgs/share/voyager_msgs/cmake/voyager_msgsConfig-version.cmake
-- Symlinking: /home/sithija/voyager_ws/install/voyager_msgs/share/voyager_msgs/package.xml
-- Installing: /home/sithija/voyager_ws/install/voyager_msgs/lib/libvoyager_msgs__rosidl_generator_c.so
-- Set runtime path of "/home/sithija/voyager_ws/install/voyager_msgs/lib/libvoyager_msgs__rosidl_generator_c.so" to ""
-- Installing: /home/sithija/voyager_ws/install/voyager_msgs/lib/libvoyager_msgs__rosidl_typesupport_fastrtps_c.so
-- Set runtime path of "/home/sithija/voyager_ws/install/voyager_msgs/lib/libvoyager_msgs__rosidl_typesupport_fastrtps_c.so" to ""
-- Installing: /home/sithija/voyager_ws/install/voyager_msgs/lib/libvoyager_msgs__rosidl_typesupport_fastrtps_cpp.so
-- Set runtime path of "/home/sithija/voyager_ws/install/voyager_msgs/lib/libvoyager_msgs__rosidl_typesupport_fastrtps_cpp.so" to ""
-- Installing: /home/sithija/voyager_ws/install/voyager_msgs/lib/libvoyager_msgs__rosidl_typesupport_introspection_c.so
-- Set runtime path of "/home/sithija/voyager_ws/install/voyager_msgs/lib/libvoyager_msgs__rosidl_typesupport_introspection_c.so" to ""
-- Installing: /home/sithija/voyager_ws/install/voyager_msgs/lib/libvoyager_msgs__rosidl_typesupport_c.so
-- Set runtime path of "/home/sithija/voyager_ws/install/voyager_msgs/lib/libvoyager_msgs__rosidl_typesupport_c.so" to ""
-- Installing: /home/sithija/voyager_ws/install/voyager_msgs/lib/libvoyager_msgs__rosidl_typesupport_introspection_cpp.so
-- Set runtime path of "/home/sithija/voyager_ws/install/voyager_msgs/lib/libvoyager_msgs__rosidl_typesupport_introspection_cpp.so" to ""
-- Installing: /home/sithija/voyager_ws/install/voyager_msgs/lib/libvoyager_msgs__rosidl_typesupport_cpp.so
-- Set runtime path of "/home/sithija/voyager_ws/install/voyager_msgs/lib/libvoyager_msgs__rosidl_typesupport_cpp.so" to ""
Listing '/home/sithija/voyager_ws/install/voyager_msgs/local/lib/python3.10/dist-packages/voyager_msgs'...
Compiling '/home/sithija/voyager_ws/install/voyager_msgs/local/lib/python3.10/dist-packages/voyager_msgs/__init__.py'...
Listing '/home/sithija/voyager_ws/install/voyager_msgs/local/lib/python3.10/dist-packages/voyager_msgs/srv'...
Compiling '/home/sithija/voyager_ws/install/voyager_msgs/local/lib/python3.10/dist-packages/voyager_msgs/srv/__init__.py'...
Compiling '/home/sithija/voyager_ws/install/voyager_msgs/local/lib/python3.10/dist-packages/voyager_msgs/srv/_get_transform.py'...
-- Installing: /home/sithija/voyager_ws/install/voyager_msgs/lib/libvoyager_msgs__rosidl_generator_py.so
-- Set runtime path of "/home/sithija/voyager_ws/install/voyager_msgs/lib/libvoyager_msgs__rosidl_generator_py.so" to ""
-- Installing: /home/sithija/voyager_ws/install/voyager_msgs/share/voyager_msgs/cmake/export_voyager_msgs__rosidl_generator_cExport.cmake
-- Installing: /home/sithija/voyager_ws/install/voyager_msgs/share/voyager_msgs/cmake/export_voyager_msgs__rosidl_generator_cExport-noconfig.cmake
-- Installing: /home/sithija/voyager_ws/install/voyager_msgs/share/voyager_msgs/cmake/export_voyager_msgs__rosidl_typesupport_fastrtps_cExport.cmake
-- Installing: /home/sithija/voyager_ws/install/voyager_msgs/share/voyager_msgs/cmake/export_voyager_msgs__rosidl_typesupport_fastrtps_cExport-noconfig.cmake
-- Installing: /home/sithija/voyager_ws/install/voyager_msgs/share/voyager_msgs/cmake/export_voyager_msgs__rosidl_generator_cppExport.cmake
-- Installing: /home/sithija/voyager_ws/install/voyager_msgs/share/voyager_msgs/cmake/export_voyager_msgs__rosidl_typesupport_fastrtps_cppExport.cmake
-- Installing: /home/sithija/voyager_ws/install/voyager_msgs/share/voyager_msgs/cmake/export_voyager_msgs__rosidl_typesupport_fastrtps_cppExport-noconfig.cmake
-- Installing: /home/sithija/voyager_ws/install/voyager_msgs/share/voyager_msgs/cmake/voyager_msgs__rosidl_typesupport_introspection_cExport.cmake
-- Installing: /home/sithija/voyager_ws/install/voyager_msgs/share/voyager_msgs/cmake/voyager_msgs__rosidl_typesupport_introspection_cExport-noconfig.cmake
-- Installing: /home/sithija/voyager_ws/install/voyager_msgs/share/voyager_msgs/cmake/voyager_msgs__rosidl_typesupport_cExport.cmake
-- Installing: /home/sithija/voyager_ws/install/voyager_msgs/share/voyager_msgs/cmake/voyager_msgs__rosidl_typesupport_cExport-noconfig.cmake
-- Installing: /home/sithija/voyager_ws/install/voyager_msgs/share/voyager_msgs/cmake/voyager_msgs__rosidl_typesupport_introspection_cppExport.cmake
-- Installing: /home/sithija/voyager_ws/install/voyager_msgs/share/voyager_msgs/cmake/voyager_msgs__rosidl_typesupport_introspection_cppExport-noconfig.cmake
-- Installing: /home/sithija/voyager_ws/install/voyager_msgs/share/voyager_msgs/cmake/voyager_msgs__rosidl_typesupport_cppExport.cmake
-- Installing: /home/sithija/voyager_ws/install/voyager_msgs/share/voyager_msgs/cmake/voyager_msgs__rosidl_typesupport_cppExport-noconfig.cmake
-- Installing: /home/sithija/voyager_ws/install/voyager_msgs/share/voyager_msgs/cmake/export_voyager_msgs__rosidl_generator_pyExport.cmake
-- Installing: /home/sithija/voyager_ws/install/voyager_msgs/share/voyager_msgs/cmake/export_voyager_msgs__rosidl_generator_pyExport-noconfig.cmake
