[0.094s] Invoking command in '/home/sithija/voyager_ws/build/voyager_msgs': CMAKE_PREFIX_PATH=/opt/ros/humble /usr/bin/cmake /home/sithija/voyager_ws/src/voyager_msgs -DAMENT_CMAKE_SYMLINK_INSTALL=1 -DCMAKE_INSTALL_PREFIX=/home/sithija/voyager_ws/install/voyager_msgs
[0.207s] -- The C compiler identification is GNU 11.4.0
[0.306s] -- The CXX compiler identification is GNU 11.4.0
[0.322s] -- Detecting C compiler ABI info
[0.425s] -- Detecting C compiler ABI info - done
[0.441s] -- Check for working C compiler: /usr/bin/cc - skipped
[0.442s] -- Detecting C compile features
[0.443s] -- Detecting C compile features - done
[0.449s] -- Detecting CXX compiler ABI info
[0.551s] -- Detecting CXX compiler ABI info - done
[0.568s] -- Check for working CXX compiler: /usr/bin/c++ - skipped
[0.569s] -- Detecting CXX compile features
[0.570s] -- Detecting CXX compile features - done
[0.576s] -- Found ament_cmake: 1.3.6 (/opt/ros/humble/share/ament_cmake/cmake)
[0.892s] -- Found Python3: /usr/bin/python3.10 (found version "3.10.12") found components: Interpreter 
[0.944s] -- Override CMake install command with custom implementation using symlinks instead of copying resources
[1.023s] -- Found geometry_msgs: 4.2.3 (/opt/ros/humble/share/geometry_msgs/cmake)
[1.068s] -- Found rosidl_generator_c: 3.1.5 (/opt/ros/humble/share/rosidl_generator_c/cmake)
[1.073s] -- Found rosidl_adapter: 3.1.5 (/opt/ros/humble/share/rosidl_adapter/cmake)
[1.082s] -- Found rosidl_generator_cpp: 3.1.5 (/opt/ros/humble/share/rosidl_generator_cpp/cmake)
[1.094s] -- Using all available rosidl_typesupport_c: rosidl_typesupport_fastrtps_c;rosidl_typesupport_introspection_c
[1.112s] -- Using all available rosidl_typesupport_cpp: rosidl_typesupport_fastrtps_cpp;rosidl_typesupport_introspection_cpp
[1.217s] -- Found rosidl_default_generators: 1.2.0 (/opt/ros/humble/share/rosidl_default_generators/cmake)
[1.559s] -- Found ament_cmake_ros: 0.10.0 (/opt/ros/humble/share/ament_cmake_ros/cmake)
[2.035s] -- Using all available rosidl_typesupport_c: rosidl_typesupport_fastrtps_c;rosidl_typesupport_introspection_c
[2.243s] -- Using all available rosidl_typesupport_cpp: rosidl_typesupport_fastrtps_cpp;rosidl_typesupport_introspection_cpp
[2.264s] -- Found PythonInterp: /usr/bin/python3 (found suitable version "3.10.12", minimum required is "3.6") 
[2.266s] -- Found python_cmake_module: 0.10.0 (/opt/ros/humble/share/python_cmake_module/cmake)
[2.292s] -- Found PythonLibs: /usr/lib/x86_64-linux-gnu/libpython3.10.so (found suitable version "3.10.12", minimum required is "3.5") 
[2.292s] -- Using PYTHON_EXECUTABLE: /usr/bin/python3
[2.292s] -- Using PYTHON_INCLUDE_DIRS: /usr/include/python3.10
[2.292s] -- Using PYTHON_LIBRARIES: /usr/lib/x86_64-linux-gnu/libpython3.10.so
[2.312s] -- Found PythonExtra: .so  
[2.374s] -- Configuring done
[2.406s] -- Generating done
[2.409s] -- Build files have been written to: /home/sithija/voyager_ws/build/voyager_msgs
[2.418s] Invoked command in '/home/sithija/voyager_ws/build/voyager_msgs' returned '0': CMAKE_PREFIX_PATH=/opt/ros/humble /usr/bin/cmake /home/sithija/voyager_ws/src/voyager_msgs -DAMENT_CMAKE_SYMLINK_INSTALL=1 -DCMAKE_INSTALL_PREFIX=/home/sithija/voyager_ws/install/voyager_msgs
[2.420s] Invoking command in '/home/sithija/voyager_ws/build/voyager_msgs': CMAKE_PREFIX_PATH=/opt/ros/humble /usr/bin/cmake --build /home/sithija/voyager_ws/build/voyager_msgs -- -j16 -l16
[2.478s] [  3%] [34m[1mGenerating C code for ROS interfaces[0m
[2.503s] [  3%] Built target ament_cmake_python_symlink_voyager_msgs
[2.503s] [  6%] [34m[1mGenerating C++ code for ROS interfaces[0m
[2.747s] running egg_info
[2.748s] creating voyager_msgs.egg-info
[2.748s] writing voyager_msgs.egg-info/PKG-INFO
[2.748s] writing dependency_links to voyager_msgs.egg-info/dependency_links.txt
[2.748s] writing top-level names to voyager_msgs.egg-info/top_level.txt
[2.748s] writing manifest file 'voyager_msgs.egg-info/SOURCES.txt'
[2.750s] reading manifest file 'voyager_msgs.egg-info/SOURCES.txt'
[2.751s] writing manifest file 'voyager_msgs.egg-info/SOURCES.txt'
[2.755s] [  9%] [32mBuilding C object CMakeFiles/voyager_msgs__rosidl_generator_c.dir/rosidl_generator_c/voyager_msgs/srv/detail/get_transform__functions.c.o[0m
[2.785s] [  9%] Built target voyager_msgs__cpp
[2.791s] [  9%] Built target ament_cmake_python_build_voyager_msgs_egg
[2.796s] [ 19%] [34m[1mGenerating C++ type support for eProsima Fast-RTPS[0m
[2.796s] [ 19%] [34m[1mGenerating C++ type support dispatch for ROS interfaces[0m
[2.796s] [ 19%] [34m[1mGenerating C++ introspection for ROS interfaces[0m
[2.848s] [ 22%] [32m[1mLinking C shared library libvoyager_msgs__rosidl_generator_c.so[0m
[2.887s] [ 22%] Built target voyager_msgs__rosidl_generator_c
[2.898s] [ 29%] [34m[1mGenerating C introspection for ROS interfaces[0m
[2.898s] [ 29%] [34m[1mGenerating C type support for eProsima Fast-RTPS[0m
[2.905s] [ 32%] [34m[1mGenerating C type support dispatch for ROS interfaces[0m
[3.017s] [ 35%] [32mBuilding CXX object CMakeFiles/voyager_msgs__rosidl_typesupport_cpp.dir/rosidl_typesupport_cpp/voyager_msgs/srv/get_transform__type_support.cpp.o[0m
[3.057s] [ 38%] [32mBuilding CXX object CMakeFiles/voyager_msgs__rosidl_typesupport_fastrtps_cpp.dir/rosidl_typesupport_fastrtps_cpp/voyager_msgs/srv/detail/dds_fastrtps/get_transform__type_support.cpp.o[0m
[3.066s] [ 41%] [32mBuilding CXX object CMakeFiles/voyager_msgs__rosidl_typesupport_introspection_cpp.dir/rosidl_typesupport_introspection_cpp/voyager_msgs/srv/detail/get_transform__type_support.cpp.o[0m
[3.132s] [ 45%] [32mBuilding CXX object CMakeFiles/voyager_msgs__rosidl_typesupport_c.dir/rosidl_typesupport_c/voyager_msgs/srv/get_transform__type_support.cpp.o[0m
[3.153s] [ 48%] [32mBuilding C object CMakeFiles/voyager_msgs__rosidl_typesupport_introspection_c.dir/rosidl_typesupport_introspection_c/voyager_msgs/srv/detail/get_transform__type_support.c.o[0m
[3.158s] [ 51%] [32mBuilding CXX object CMakeFiles/voyager_msgs__rosidl_typesupport_fastrtps_c.dir/rosidl_typesupport_fastrtps_c/voyager_msgs/srv/detail/get_transform__type_support_c.cpp.o[0m
[3.169s] [ 54%] [32m[1mLinking CXX shared library libvoyager_msgs__rosidl_typesupport_c.so[0m
[3.196s] [ 58%] [32m[1mLinking C shared library libvoyager_msgs__rosidl_typesupport_introspection_c.so[0m
[3.213s] [ 58%] Built target voyager_msgs__rosidl_typesupport_c
[3.232s] [ 58%] Built target voyager_msgs__rosidl_typesupport_introspection_c
[3.275s] [ 61%] [32m[1mLinking CXX shared library libvoyager_msgs__rosidl_typesupport_cpp.so[0m
[3.326s] [ 61%] Built target voyager_msgs__rosidl_typesupport_cpp
[3.416s] [ 64%] [32m[1mLinking CXX shared library libvoyager_msgs__rosidl_typesupport_fastrtps_cpp.so[0m
[3.421s] [ 67%] [32m[1mLinking CXX shared library libvoyager_msgs__rosidl_typesupport_introspection_cpp.so[0m
[3.468s] [ 70%] [32m[1mLinking CXX shared library libvoyager_msgs__rosidl_typesupport_fastrtps_c.so[0m
[3.512s] [ 70%] Built target voyager_msgs__rosidl_typesupport_introspection_cpp
[3.526s] [ 70%] Built target voyager_msgs__rosidl_typesupport_fastrtps_cpp
[3.576s] [ 70%] Built target voyager_msgs__rosidl_typesupport_fastrtps_c
[3.623s] [ 70%] Built target voyager_msgs
[3.670s] [ 74%] [34m[1mGenerating Python code for ROS interfaces[0m
[3.998s] [ 74%] Built target voyager_msgs__py
[4.042s] [ 77%] [32mBuilding C object CMakeFiles/voyager_msgs__rosidl_generator_py.dir/rosidl_generator_py/voyager_msgs/srv/_get_transform_s.c.o[0m
[4.198s] [ 80%] [32m[1mLinking C shared library rosidl_generator_py/voyager_msgs/libvoyager_msgs__rosidl_generator_py.so[0m
[4.257s] [ 80%] Built target voyager_msgs__rosidl_generator_py
[4.279s] [ 83%] [32mBuilding C object CMakeFiles/voyager_msgs__rosidl_typesupport_c__pyext.dir/rosidl_generator_py/voyager_msgs/_voyager_msgs_s.ep.rosidl_typesupport_c.c.o[0m
[4.285s] [ 87%] [32mBuilding C object CMakeFiles/voyager_msgs__rosidl_typesupport_fastrtps_c__pyext.dir/rosidl_generator_py/voyager_msgs/_voyager_msgs_s.ep.rosidl_typesupport_fastrtps_c.c.o[0m
[4.288s] [ 90%] [32mBuilding C object CMakeFiles/voyager_msgs__rosidl_typesupport_introspection_c__pyext.dir/rosidl_generator_py/voyager_msgs/_voyager_msgs_s.ep.rosidl_typesupport_introspection_c.c.o[0m
[4.392s] [ 93%] [32m[1mLinking C shared library rosidl_generator_py/voyager_msgs/voyager_msgs_s__rosidl_typesupport_introspection_c.cpython-310-x86_64-linux-gnu.so[0m
[4.415s] [ 96%] [32m[1mLinking C shared library rosidl_generator_py/voyager_msgs/voyager_msgs_s__rosidl_typesupport_c.cpython-310-x86_64-linux-gnu.so[0m
[4.415s] [100%] [32m[1mLinking C shared library rosidl_generator_py/voyager_msgs/voyager_msgs_s__rosidl_typesupport_fastrtps_c.cpython-310-x86_64-linux-gnu.so[0m
[4.436s] [100%] Built target voyager_msgs__rosidl_typesupport_introspection_c__pyext
[4.467s] [100%] Built target voyager_msgs__rosidl_typesupport_fastrtps_c__pyext
[4.468s] [100%] Built target voyager_msgs__rosidl_typesupport_c__pyext
[4.482s] Invoked command in '/home/sithija/voyager_ws/build/voyager_msgs' returned '0': CMAKE_PREFIX_PATH=/opt/ros/humble /usr/bin/cmake --build /home/sithija/voyager_ws/build/voyager_msgs -- -j16 -l16
[4.588s] Invoking command in '/home/sithija/voyager_ws/build/voyager_msgs': CMAKE_PREFIX_PATH=/opt/ros/humble /usr/bin/cmake --install /home/sithija/voyager_ws/build/voyager_msgs
[4.595s] -- Install configuration: ""
[4.595s] -- Execute custom install script
[4.595s] -- Symlinking: /home/sithija/voyager_ws/install/voyager_msgs/share/ament_index/resource_index/rosidl_interfaces/voyager_msgs
[4.606s] -- Symlinking: /home/sithija/voyager_ws/install/voyager_msgs/include/voyager_msgs/voyager_msgs/msg/rosidl_generator_c__visibility_control.h
[4.623s] -- Symlinking: /home/sithija/voyager_ws/install/voyager_msgs/include/voyager_msgs/voyager_msgs/srv/detail/get_transform__functions.h
[4.633s] -- Symlinking: /home/sithija/voyager_ws/install/voyager_msgs/include/voyager_msgs/voyager_msgs/srv/detail/get_transform__struct.h
[4.642s] -- Symlinking: /home/sithija/voyager_ws/install/voyager_msgs/include/voyager_msgs/voyager_msgs/srv/detail/get_transform__type_support.h
[4.652s] -- Symlinking: /home/sithija/voyager_ws/install/voyager_msgs/include/voyager_msgs/voyager_msgs/srv/get_transform.h
[4.679s] -- Symlinking: /home/sithija/voyager_ws/install/voyager_msgs/share/voyager_msgs/environment/library_path.sh
[4.689s] -- Symlinking: /home/sithija/voyager_ws/install/voyager_msgs/share/voyager_msgs/environment/library_path.dsv
[4.699s] -- Symlinking: /home/sithija/voyager_ws/install/voyager_msgs/include/voyager_msgs/voyager_msgs/msg/rosidl_typesupport_fastrtps_c__visibility_control.h
[4.709s] -- Symlinking: /home/sithija/voyager_ws/install/voyager_msgs/include/voyager_msgs/voyager_msgs/srv/detail/get_transform__rosidl_typesupport_fastrtps_c.h
[4.719s] -- Symlinking: /home/sithija/voyager_ws/install/voyager_msgs/include/voyager_msgs/voyager_msgs/srv/detail/get_transform__builder.hpp
[4.739s] -- Symlinking: /home/sithija/voyager_ws/install/voyager_msgs/include/voyager_msgs/voyager_msgs/srv/detail/get_transform__struct.hpp
[4.749s] -- Symlinking: /home/sithija/voyager_ws/install/voyager_msgs/include/voyager_msgs/voyager_msgs/srv/detail/get_transform__traits.hpp
[4.759s] -- Symlinking: /home/sithija/voyager_ws/install/voyager_msgs/include/voyager_msgs/voyager_msgs/srv/get_transform.hpp
[4.780s] -- Symlinking: /home/sithija/voyager_ws/install/voyager_msgs/include/voyager_msgs/voyager_msgs/msg/rosidl_typesupport_fastrtps_cpp__visibility_control.h
[4.794s] -- Symlinking: /home/sithija/voyager_ws/install/voyager_msgs/include/voyager_msgs/voyager_msgs/srv/detail/get_transform__rosidl_typesupport_fastrtps_cpp.hpp
[4.804s] -- Symlinking: /home/sithija/voyager_ws/install/voyager_msgs/include/voyager_msgs/voyager_msgs/msg/rosidl_typesupport_introspection_c__visibility_control.h
[4.824s] -- Symlinking: /home/sithija/voyager_ws/install/voyager_msgs/include/voyager_msgs/voyager_msgs/srv/detail/get_transform__rosidl_typesupport_introspection_c.h
[4.833s] -- Symlinking: /home/sithija/voyager_ws/install/voyager_msgs/include/voyager_msgs/voyager_msgs/srv/detail/get_transform__rosidl_typesupport_introspection_cpp.hpp
[4.853s] -- Symlinking: /home/sithija/voyager_ws/install/voyager_msgs/share/voyager_msgs/environment/pythonpath.sh
[4.862s] -- Symlinking: /home/sithija/voyager_ws/install/voyager_msgs/share/voyager_msgs/environment/pythonpath.dsv
[4.873s] -- Symlinking: /home/sithija/voyager_ws/install/voyager_msgs/local/lib/python3.10/dist-packages/voyager_msgs-0.0.0-py3.10.egg-info/PKG-INFO
[4.894s] -- Symlinking: /home/sithija/voyager_ws/install/voyager_msgs/local/lib/python3.10/dist-packages/voyager_msgs-0.0.0-py3.10.egg-info/SOURCES.txt
[4.911s] -- Symlinking: /home/sithija/voyager_ws/install/voyager_msgs/local/lib/python3.10/dist-packages/voyager_msgs-0.0.0-py3.10.egg-info/dependency_links.txt
[4.933s] -- Symlinking: /home/sithija/voyager_ws/install/voyager_msgs/local/lib/python3.10/dist-packages/voyager_msgs-0.0.0-py3.10.egg-info/top_level.txt
[4.955s] -- Symlinking: /home/sithija/voyager_ws/install/voyager_msgs/local/lib/python3.10/dist-packages/voyager_msgs/__init__.py
[4.977s] -- Symlinking: /home/sithija/voyager_ws/install/voyager_msgs/local/lib/python3.10/dist-packages/voyager_msgs/_voyager_msgs_s.ep.rosidl_typesupport_c.c
[4.999s] -- Symlinking: /home/sithija/voyager_ws/install/voyager_msgs/local/lib/python3.10/dist-packages/voyager_msgs/_voyager_msgs_s.ep.rosidl_typesupport_fastrtps_c.c
[5.019s] -- Symlinking: /home/sithija/voyager_ws/install/voyager_msgs/local/lib/python3.10/dist-packages/voyager_msgs/_voyager_msgs_s.ep.rosidl_typesupport_introspection_c.c
[5.041s] -- Symlinking: /home/sithija/voyager_ws/install/voyager_msgs/local/lib/python3.10/dist-packages/voyager_msgs/libvoyager_msgs__rosidl_generator_py.so
[5.060s] -- Symlinking: /home/sithija/voyager_ws/install/voyager_msgs/local/lib/python3.10/dist-packages/voyager_msgs/srv/__init__.py
[5.081s] -- Symlinking: /home/sithija/voyager_ws/install/voyager_msgs/local/lib/python3.10/dist-packages/voyager_msgs/srv/_get_transform.py
[5.094s] -- Symlinking: /home/sithija/voyager_ws/install/voyager_msgs/local/lib/python3.10/dist-packages/voyager_msgs/srv/_get_transform_s.c
[5.103s] -- Symlinking: /home/sithija/voyager_ws/install/voyager_msgs/local/lib/python3.10/dist-packages/voyager_msgs/voyager_msgs_s__rosidl_typesupport_c.cpython-310-x86_64-linux-gnu.so
[5.123s] -- Symlinking: /home/sithija/voyager_ws/install/voyager_msgs/local/lib/python3.10/dist-packages/voyager_msgs/voyager_msgs_s__rosidl_typesupport_fastrtps_c.cpython-310-x86_64-linux-gnu.so
[5.133s] -- Symlinking: /home/sithija/voyager_ws/install/voyager_msgs/local/lib/python3.10/dist-packages/voyager_msgs/voyager_msgs_s__rosidl_typesupport_introspection_c.cpython-310-x86_64-linux-gnu.so
[5.154s] -- Up-to-date symlink: /home/sithija/voyager_ws/install/voyager_msgs/local/lib/python3.10/dist-packages/voyager_msgs/voyager_msgs_s__rosidl_typesupport_fastrtps_c.cpython-310-x86_64-linux-gnu.so
[5.154s] -- Up-to-date symlink: /home/sithija/voyager_ws/install/voyager_msgs/local/lib/python3.10/dist-packages/voyager_msgs/voyager_msgs_s__rosidl_typesupport_introspection_c.cpython-310-x86_64-linux-gnu.so
[5.154s] -- Up-to-date symlink: /home/sithija/voyager_ws/install/voyager_msgs/local/lib/python3.10/dist-packages/voyager_msgs/voyager_msgs_s__rosidl_typesupport_c.cpython-310-x86_64-linux-gnu.so
[5.154s] -- Symlinking: /home/sithija/voyager_ws/install/voyager_msgs/share/voyager_msgs/srv/GetTransform.idl
[5.174s] -- Symlinking: /home/sithija/voyager_ws/install/voyager_msgs/share/voyager_msgs/srv/GetTransform.srv
[5.192s] -- Symlinking: /home/sithija/voyager_ws/install/voyager_msgs/share/voyager_msgs/srv/GetTransform_Request.msg
[5.212s] -- Symlinking: /home/sithija/voyager_ws/install/voyager_msgs/share/voyager_msgs/srv/GetTransform_Response.msg
[5.233s] -- Symlinking: /home/sithija/voyager_ws/install/voyager_msgs/share/ament_index/resource_index/package_run_dependencies/voyager_msgs
[5.254s] -- Symlinking: /home/sithija/voyager_ws/install/voyager_msgs/share/ament_index/resource_index/parent_prefix_path/voyager_msgs
[5.265s] -- Symlinking: /home/sithija/voyager_ws/install/voyager_msgs/share/voyager_msgs/environment/ament_prefix_path.sh
[5.286s] -- Symlinking: /home/sithija/voyager_ws/install/voyager_msgs/share/voyager_msgs/environment/ament_prefix_path.dsv
[5.296s] -- Symlinking: /home/sithija/voyager_ws/install/voyager_msgs/share/voyager_msgs/environment/path.sh
[5.316s] -- Symlinking: /home/sithija/voyager_ws/install/voyager_msgs/share/voyager_msgs/environment/path.dsv
[5.326s] -- Symlinking: /home/sithija/voyager_ws/install/voyager_msgs/share/voyager_msgs/local_setup.bash
[5.336s] -- Symlinking: /home/sithija/voyager_ws/install/voyager_msgs/share/voyager_msgs/local_setup.sh
[5.356s] -- Symlinking: /home/sithija/voyager_ws/install/voyager_msgs/share/voyager_msgs/local_setup.zsh
[5.366s] -- Symlinking: /home/sithija/voyager_ws/install/voyager_msgs/share/voyager_msgs/local_setup.dsv
[5.377s] -- Symlinking: /home/sithija/voyager_ws/install/voyager_msgs/share/voyager_msgs/package.dsv
[5.386s] -- Symlinking: /home/sithija/voyager_ws/install/voyager_msgs/share/ament_index/resource_index/packages/voyager_msgs
[5.396s] -- Symlinking: /home/sithija/voyager_ws/install/voyager_msgs/share/voyager_msgs/cmake/rosidl_cmake-extras.cmake
[5.416s] -- Symlinking: /home/sithija/voyager_ws/install/voyager_msgs/share/voyager_msgs/cmake/ament_cmake_export_dependencies-extras.cmake
[5.427s] -- Symlinking: /home/sithija/voyager_ws/install/voyager_msgs/share/voyager_msgs/cmake/ament_cmake_export_include_directories-extras.cmake
[5.448s] -- Symlinking: /home/sithija/voyager_ws/install/voyager_msgs/share/voyager_msgs/cmake/ament_cmake_export_libraries-extras.cmake
[5.457s] -- Symlinking: /home/sithija/voyager_ws/install/voyager_msgs/share/voyager_msgs/cmake/ament_cmake_export_targets-extras.cmake
[5.467s] -- Symlinking: /home/sithija/voyager_ws/install/voyager_msgs/share/voyager_msgs/cmake/rosidl_cmake_export_typesupport_targets-extras.cmake
[5.488s] -- Symlinking: /home/sithija/voyager_ws/install/voyager_msgs/share/voyager_msgs/cmake/rosidl_cmake_export_typesupport_libraries-extras.cmake
[5.499s] -- Symlinking: /home/sithija/voyager_ws/install/voyager_msgs/share/voyager_msgs/cmake/voyager_msgsConfig.cmake
[5.519s] -- Symlinking: /home/sithija/voyager_ws/install/voyager_msgs/share/voyager_msgs/cmake/voyager_msgsConfig-version.cmake
[5.529s] -- Symlinking: /home/sithija/voyager_ws/install/voyager_msgs/share/voyager_msgs/package.xml
[5.550s] -- Installing: /home/sithija/voyager_ws/install/voyager_msgs/lib/libvoyager_msgs__rosidl_generator_c.so
[5.550s] -- Set runtime path of "/home/sithija/voyager_ws/install/voyager_msgs/lib/libvoyager_msgs__rosidl_generator_c.so" to ""
[5.550s] -- Installing: /home/sithija/voyager_ws/install/voyager_msgs/lib/libvoyager_msgs__rosidl_typesupport_fastrtps_c.so
[5.551s] -- Set runtime path of "/home/sithija/voyager_ws/install/voyager_msgs/lib/libvoyager_msgs__rosidl_typesupport_fastrtps_c.so" to ""
[5.551s] -- Installing: /home/sithija/voyager_ws/install/voyager_msgs/lib/libvoyager_msgs__rosidl_typesupport_fastrtps_cpp.so
[5.552s] -- Set runtime path of "/home/sithija/voyager_ws/install/voyager_msgs/lib/libvoyager_msgs__rosidl_typesupport_fastrtps_cpp.so" to ""
[5.552s] -- Installing: /home/sithija/voyager_ws/install/voyager_msgs/lib/libvoyager_msgs__rosidl_typesupport_introspection_c.so
[5.552s] -- Set runtime path of "/home/sithija/voyager_ws/install/voyager_msgs/lib/libvoyager_msgs__rosidl_typesupport_introspection_c.so" to ""
[5.553s] -- Installing: /home/sithija/voyager_ws/install/voyager_msgs/lib/libvoyager_msgs__rosidl_typesupport_c.so
[5.553s] -- Set runtime path of "/home/sithija/voyager_ws/install/voyager_msgs/lib/libvoyager_msgs__rosidl_typesupport_c.so" to ""
[5.553s] -- Installing: /home/sithija/voyager_ws/install/voyager_msgs/lib/libvoyager_msgs__rosidl_typesupport_introspection_cpp.so
[5.553s] -- Set runtime path of "/home/sithija/voyager_ws/install/voyager_msgs/lib/libvoyager_msgs__rosidl_typesupport_introspection_cpp.so" to ""
[5.553s] -- Installing: /home/sithija/voyager_ws/install/voyager_msgs/lib/libvoyager_msgs__rosidl_typesupport_cpp.so
[5.554s] -- Set runtime path of "/home/sithija/voyager_ws/install/voyager_msgs/lib/libvoyager_msgs__rosidl_typesupport_cpp.so" to ""
[5.610s] Listing '/home/sithija/voyager_ws/install/voyager_msgs/local/lib/python3.10/dist-packages/voyager_msgs'...
[5.610s] Compiling '/home/sithija/voyager_ws/install/voyager_msgs/local/lib/python3.10/dist-packages/voyager_msgs/__init__.py'...
[5.610s] Listing '/home/sithija/voyager_ws/install/voyager_msgs/local/lib/python3.10/dist-packages/voyager_msgs/srv'...
[5.610s] Compiling '/home/sithija/voyager_ws/install/voyager_msgs/local/lib/python3.10/dist-packages/voyager_msgs/srv/__init__.py'...
[5.611s] Compiling '/home/sithija/voyager_ws/install/voyager_msgs/local/lib/python3.10/dist-packages/voyager_msgs/srv/_get_transform.py'...
[5.614s] -- Installing: /home/sithija/voyager_ws/install/voyager_msgs/lib/libvoyager_msgs__rosidl_generator_py.so
[5.614s] -- Set runtime path of "/home/sithija/voyager_ws/install/voyager_msgs/lib/libvoyager_msgs__rosidl_generator_py.so" to ""
[5.615s] -- Installing: /home/sithija/voyager_ws/install/voyager_msgs/share/voyager_msgs/cmake/export_voyager_msgs__rosidl_generator_cExport.cmake
[5.615s] -- Installing: /home/sithija/voyager_ws/install/voyager_msgs/share/voyager_msgs/cmake/export_voyager_msgs__rosidl_generator_cExport-noconfig.cmake
[5.615s] -- Installing: /home/sithija/voyager_ws/install/voyager_msgs/share/voyager_msgs/cmake/export_voyager_msgs__rosidl_typesupport_fastrtps_cExport.cmake
[5.615s] -- Installing: /home/sithija/voyager_ws/install/voyager_msgs/share/voyager_msgs/cmake/export_voyager_msgs__rosidl_typesupport_fastrtps_cExport-noconfig.cmake
[5.615s] -- Installing: /home/sithija/voyager_ws/install/voyager_msgs/share/voyager_msgs/cmake/export_voyager_msgs__rosidl_generator_cppExport.cmake
[5.616s] -- Installing: /home/sithija/voyager_ws/install/voyager_msgs/share/voyager_msgs/cmake/export_voyager_msgs__rosidl_typesupport_fastrtps_cppExport.cmake
[5.616s] -- Installing: /home/sithija/voyager_ws/install/voyager_msgs/share/voyager_msgs/cmake/export_voyager_msgs__rosidl_typesupport_fastrtps_cppExport-noconfig.cmake
[5.616s] -- Installing: /home/sithija/voyager_ws/install/voyager_msgs/share/voyager_msgs/cmake/voyager_msgs__rosidl_typesupport_introspection_cExport.cmake
[5.616s] -- Installing: /home/sithija/voyager_ws/install/voyager_msgs/share/voyager_msgs/cmake/voyager_msgs__rosidl_typesupport_introspection_cExport-noconfig.cmake
[5.616s] -- Installing: /home/sithija/voyager_ws/install/voyager_msgs/share/voyager_msgs/cmake/voyager_msgs__rosidl_typesupport_cExport.cmake
[5.616s] -- Installing: /home/sithija/voyager_ws/install/voyager_msgs/share/voyager_msgs/cmake/voyager_msgs__rosidl_typesupport_cExport-noconfig.cmake
[5.617s] -- Installing: /home/sithija/voyager_ws/install/voyager_msgs/share/voyager_msgs/cmake/voyager_msgs__rosidl_typesupport_introspection_cppExport.cmake
[5.617s] -- Installing: /home/sithija/voyager_ws/install/voyager_msgs/share/voyager_msgs/cmake/voyager_msgs__rosidl_typesupport_introspection_cppExport-noconfig.cmake
[5.617s] -- Installing: /home/sithija/voyager_ws/install/voyager_msgs/share/voyager_msgs/cmake/voyager_msgs__rosidl_typesupport_cppExport.cmake
[5.617s] -- Installing: /home/sithija/voyager_ws/install/voyager_msgs/share/voyager_msgs/cmake/voyager_msgs__rosidl_typesupport_cppExport-noconfig.cmake
[5.617s] -- Installing: /home/sithija/voyager_ws/install/voyager_msgs/share/voyager_msgs/cmake/export_voyager_msgs__rosidl_generator_pyExport.cmake
[5.617s] -- Installing: /home/sithija/voyager_ws/install/voyager_msgs/share/voyager_msgs/cmake/export_voyager_msgs__rosidl_generator_pyExport-noconfig.cmake
[5.620s] Invoked command in '/home/sithija/voyager_ws/build/voyager_msgs' returned '0': CMAKE_PREFIX_PATH=/opt/ros/humble /usr/bin/cmake --install /home/sithija/voyager_ws/build/voyager_msgs
