-- The C compiler identification is GNU 11.4.0
-- The CXX compiler identification is GNU 11.4.0
-- Detecting C compiler ABI info
-- Detecting C compiler ABI info - done
-- Check for working C compiler: /usr/bin/cc - skipped
-- Detecting C compile features
-- Detecting C compile features - done
-- Detecting CXX compiler ABI info
-- Detecting CXX compiler ABI info - done
-- Check for working CXX compiler: /usr/bin/c++ - skipped
-- Detecting CXX compile features
-- Detecting CXX compile features - done
-- Found ament_cmake: 1.3.6 (/opt/ros/humble/share/ament_cmake/cmake)
-- Found Python3: /usr/bin/python3.10 (found version "3.10.12") found components: Interpreter 
-- Override CMake install command with custom implementation using symlinks instead of copying resources
-- Found voyager_msgs: 0.0.0 (/home/sithija/voyager_ws/install/voyager_msgs/share/voyager_msgs/cmake)
-- Found rosidl_generator_c: 3.1.5 (/opt/ros/humble/share/rosidl_generator_c/cmake)
-- Found rosidl_adapter: 3.1.5 (/opt/ros/humble/share/rosidl_adapter/cmake)
-- Found rosidl_generator_cpp: 3.1.5 (/opt/ros/humble/share/rosidl_generator_cpp/cmake)
-- Using all available rosidl_typesupport_c: rosidl_typesupport_fastrtps_c;rosidl_typesupport_introspection_c
-- Using all available rosidl_typesupport_cpp: rosidl_typesupport_fastrtps_cpp;rosidl_typesupport_introspection_cpp
-- Found tf2: 0.25.5 (/opt/ros/humble/share/tf2/cmake)
-- Found tf2_ros: 0.25.5 (/opt/ros/humble/share/tf2_ros/cmake)
-- Found rmw_implementation_cmake: 6.1.1 (/opt/ros/humble/share/rmw_implementation_cmake/cmake)
-- Found rmw_cyclonedds_cpp: 1.3.4 (/opt/ros/humble/share/rmw_cyclonedds_cpp/cmake)
-- Using RMW implementation 'rmw_cyclonedds_cpp' as default
-- Looking for pthread.h
-- Looking for pthread.h - found
-- Performing Test CMAKE_HAVE_LIBC_PTHREAD
-- Performing Test CMAKE_HAVE_LIBC_PTHREAD - Success
-- Found Threads: TRUE  
-- Found ament_lint_auto: 0.12.9 (/opt/ros/humble/share/ament_lint_auto/cmake)
-- Added test 'cppcheck' to perform static code analysis on C / C++ code
-- Configured cppcheck include dirs: /home/sithija/voyager_ws/src/voyager_description/include
-- Configured cppcheck exclude dirs and/or files: 
-- Added test 'flake8' to check Python code syntax and style conventions
-- Added test 'lint_cmake' to check CMake code style
-- Added test 'pep257' to check Python code against some of the docstring style conventions in PEP 257
-- Added test 'uncrustify' to check C / C++ code style
-- Configured uncrustify additional arguments: 
-- Added test 'xmllint' to check XML markup files
-- Configuring done
-- Generating done
-- Build files have been written to: /home/sithija/voyager_ws/build/voyager_description
[ 50%] [32mBuilding CXX object CMakeFiles/camera_tf_kinematics.dir/src/camera_tf_kinematics.cpp.o[0m
[100%] [32m[1mLinking CXX executable camera_tf_kinematics[0m
[100%] Built target camera_tf_kinematics
-- Install configuration: ""
-- Execute custom install script
-- Symlinking: /home/sithija/voyager_ws/install/voyager_description/share/voyager_description/urdf/.vscode/c_cpp_properties.json
-- Symlinking: /home/sithija/voyager_ws/install/voyager_description/share/voyager_description/urdf/.vscode/settings.json
-- Symlinking: /home/sithija/voyager_ws/install/voyager_description/share/voyager_description/urdf/inertia_calculator.py
-- Symlinking: /home/sithija/voyager_ws/install/voyager_description/share/voyager_description/urdf/voyager.urdf.xacro
-- Symlinking: /home/sithija/voyager_ws/install/voyager_description/share/voyager_description/urdf/voyager_control.xacro
-- Symlinking: /home/sithija/voyager_ws/install/voyager_description/share/voyager_description/urdf/voyager_gazebo.xacro
-- Symlinking: /home/sithija/voyager_ws/install/voyager_description/share/voyager_description/meshes/wheel.STL
-- Symlinking: /home/sithija/voyager_ws/install/voyager_description/share/voyager_description/launch/display.launch.py
-- Symlinking: /home/sithija/voyager_ws/install/voyager_description/share/voyager_description/launch/voyager_gazebo.launch.py
-- Symlinking: /home/sithija/voyager_ws/install/voyager_description/share/voyager_description/rviz/display.rviz
-- Symlinking: /home/sithija/voyager_ws/install/voyager_description/lib/voyager_description/camera_tf_kinematics
-- Symlinking: /home/sithija/voyager_ws/install/voyager_description/share/ament_index/resource_index/package_run_dependencies/voyager_description
-- Symlinking: /home/sithija/voyager_ws/install/voyager_description/share/ament_index/resource_index/parent_prefix_path/voyager_description
-- Symlinking: /home/sithija/voyager_ws/install/voyager_description/share/voyager_description/environment/ament_prefix_path.sh
-- Symlinking: /home/sithija/voyager_ws/install/voyager_description/share/voyager_description/environment/ament_prefix_path.dsv
-- Symlinking: /home/sithija/voyager_ws/install/voyager_description/share/voyager_description/environment/path.sh
-- Symlinking: /home/sithija/voyager_ws/install/voyager_description/share/voyager_description/environment/path.dsv
-- Symlinking: /home/sithija/voyager_ws/install/voyager_description/share/voyager_description/local_setup.bash
-- Symlinking: /home/sithija/voyager_ws/install/voyager_description/share/voyager_description/local_setup.sh
-- Symlinking: /home/sithija/voyager_ws/install/voyager_description/share/voyager_description/local_setup.zsh
-- Symlinking: /home/sithija/voyager_ws/install/voyager_description/share/voyager_description/local_setup.dsv
-- Symlinking: /home/sithija/voyager_ws/install/voyager_description/share/voyager_description/package.dsv
-- Symlinking: /home/sithija/voyager_ws/install/voyager_description/share/ament_index/resource_index/packages/voyager_description
-- Symlinking: /home/sithija/voyager_ws/install/voyager_description/share/voyager_description/cmake/voyager_descriptionConfig.cmake
-- Symlinking: /home/sithija/voyager_ws/install/voyager_description/share/voyager_description/cmake/voyager_descriptionConfig-version.cmake
-- Symlinking: /home/sithija/voyager_ws/install/voyager_description/share/voyager_description/package.xml
