[0.054s] Invoking command in '/home/sithija/voyager_ws/build/voyager_description': AMENT_PREFIX_PATH=/home/sithija/voyager_ws/install/voyager_msgs:${AMENT_PREFIX_PATH} CMAKE_PREFIX_PATH=/home/sithija/voyager_ws/install/voyager_msgs:/opt/ros/humble LD_LIBRARY_PATH=/home/sithija/voyager_ws/install/voyager_msgs/lib:${LD_LIBRARY_PATH} PYTHONPATH=/home/sithija/voyager_ws/install/voyager_msgs/local/lib/python3.10/dist-packages:${PYTHONPATH} /usr/bin/cmake /home/sithija/voyager_ws/src/voyager_description -DAMENT_CMAKE_SYMLINK_INSTALL=1 -DCMAKE_INSTALL_PREFIX=/home/sithija/voyager_ws/install/voyager_description
[0.167s] -- The C compiler identification is GNU 11.4.0
[0.275s] -- The CXX compiler identification is GNU 11.4.0
[0.294s] -- Detecting C compiler ABI info
[0.456s] -- Detecting C compiler ABI info - done
[0.475s] -- Check for working C compiler: /usr/bin/cc - skipped
[0.475s] -- Detecting C compile features
[0.476s] -- Detecting C compile features - done
[0.483s] -- Detecting CXX compiler ABI info
[0.634s] -- Detecting CXX compiler ABI info - done
[0.654s] -- Check for working CXX compiler: /usr/bin/c++ - skipped
[0.654s] -- Detecting CXX compile features
[0.656s] -- Detecting CXX compile features - done
[0.663s] -- Found ament_cmake: 1.3.6 (/opt/ros/humble/share/ament_cmake/cmake)
[0.897s] -- Found Python3: /usr/bin/python3.10 (found version "3.10.12") found components: Interpreter 
[0.951s] -- Override CMake install command with custom implementation using symlinks instead of copying resources
[1.035s] -- Found voyager_msgs: 0.0.0 (/home/sithija/voyager_ws/install/voyager_msgs/share/voyager_msgs/cmake)
[1.080s] -- Found rosidl_generator_c: 3.1.5 (/opt/ros/humble/share/rosidl_generator_c/cmake)
[1.085s] -- Found rosidl_adapter: 3.1.5 (/opt/ros/humble/share/rosidl_adapter/cmake)
[1.094s] -- Found rosidl_generator_cpp: 3.1.5 (/opt/ros/humble/share/rosidl_generator_cpp/cmake)
[1.106s] -- Using all available rosidl_typesupport_c: rosidl_typesupport_fastrtps_c;rosidl_typesupport_introspection_c
[1.125s] -- Using all available rosidl_typesupport_cpp: rosidl_typesupport_fastrtps_cpp;rosidl_typesupport_introspection_cpp
[1.311s] -- Found tf2: 0.25.5 (/opt/ros/humble/share/tf2/cmake)
[1.328s] -- Found tf2_ros: 0.25.5 (/opt/ros/humble/share/tf2_ros/cmake)
[1.446s] -- Found rmw_implementation_cmake: 6.1.1 (/opt/ros/humble/share/rmw_implementation_cmake/cmake)
[1.449s] -- Found rmw_cyclonedds_cpp: 1.3.4 (/opt/ros/humble/share/rmw_cyclonedds_cpp/cmake)
[1.479s] -- Using RMW implementation 'rmw_cyclonedds_cpp' as default
[1.488s] -- Looking for pthread.h
[1.597s] -- Looking for pthread.h - found
[1.598s] -- Performing Test CMAKE_HAVE_LIBC_PTHREAD
[1.739s] -- Performing Test CMAKE_HAVE_LIBC_PTHREAD - Success
[1.741s] -- Found Threads: TRUE  
[2.167s] -- Found ament_lint_auto: 0.12.9 (/opt/ros/humble/share/ament_lint_auto/cmake)
[2.269s] -- Added test 'cppcheck' to perform static code analysis on C / C++ code
[2.269s] -- Configured cppcheck include dirs: /home/sithija/voyager_ws/src/voyager_description/include
[2.269s] -- Configured cppcheck exclude dirs and/or files: 
[2.269s] -- Added test 'flake8' to check Python code syntax and style conventions
[2.270s] -- Added test 'lint_cmake' to check CMake code style
[2.271s] -- Added test 'pep257' to check Python code against some of the docstring style conventions in PEP 257
[2.272s] -- Added test 'uncrustify' to check C / C++ code style
[2.272s] -- Configured uncrustify additional arguments: 
[2.273s] -- Added test 'xmllint' to check XML markup files
[2.274s] -- Configuring done
[2.286s] -- Generating done
[2.288s] -- Build files have been written to: /home/sithija/voyager_ws/build/voyager_description
[2.298s] Invoked command in '/home/sithija/voyager_ws/build/voyager_description' returned '0': AMENT_PREFIX_PATH=/home/sithija/voyager_ws/install/voyager_msgs:${AMENT_PREFIX_PATH} CMAKE_PREFIX_PATH=/home/sithija/voyager_ws/install/voyager_msgs:/opt/ros/humble LD_LIBRARY_PATH=/home/sithija/voyager_ws/install/voyager_msgs/lib:${LD_LIBRARY_PATH} PYTHONPATH=/home/sithija/voyager_ws/install/voyager_msgs/local/lib/python3.10/dist-packages:${PYTHONPATH} /usr/bin/cmake /home/sithija/voyager_ws/src/voyager_description -DAMENT_CMAKE_SYMLINK_INSTALL=1 -DCMAKE_INSTALL_PREFIX=/home/sithija/voyager_ws/install/voyager_description
[2.301s] Invoking command in '/home/sithija/voyager_ws/build/voyager_description': AMENT_PREFIX_PATH=/home/sithija/voyager_ws/install/voyager_msgs:${AMENT_PREFIX_PATH} CMAKE_PREFIX_PATH=/home/sithija/voyager_ws/install/voyager_msgs:/opt/ros/humble LD_LIBRARY_PATH=/home/sithija/voyager_ws/install/voyager_msgs/lib:${LD_LIBRARY_PATH} PYTHONPATH=/home/sithija/voyager_ws/install/voyager_msgs/local/lib/python3.10/dist-packages:${PYTHONPATH} /usr/bin/cmake --build /home/sithija/voyager_ws/build/voyager_description -- -j16 -l16
[2.376s] [ 50%] [32mBuilding CXX object CMakeFiles/camera_tf_kinematics.dir/src/camera_tf_kinematics.cpp.o[0m
[6.633s] [100%] [32m[1mLinking CXX executable camera_tf_kinematics[0m
[6.912s] [100%] Built target camera_tf_kinematics
[6.927s] Invoked command in '/home/sithija/voyager_ws/build/voyager_description' returned '0': AMENT_PREFIX_PATH=/home/sithija/voyager_ws/install/voyager_msgs:${AMENT_PREFIX_PATH} CMAKE_PREFIX_PATH=/home/sithija/voyager_ws/install/voyager_msgs:/opt/ros/humble LD_LIBRARY_PATH=/home/sithija/voyager_ws/install/voyager_msgs/lib:${LD_LIBRARY_PATH} PYTHONPATH=/home/sithija/voyager_ws/install/voyager_msgs/local/lib/python3.10/dist-packages:${PYTHONPATH} /usr/bin/cmake --build /home/sithija/voyager_ws/build/voyager_description -- -j16 -l16
[6.968s] Invoking command in '/home/sithija/voyager_ws/build/voyager_description': AMENT_PREFIX_PATH=/home/sithija/voyager_ws/install/voyager_msgs:${AMENT_PREFIX_PATH} CMAKE_PREFIX_PATH=/home/sithija/voyager_ws/install/voyager_msgs:/opt/ros/humble LD_LIBRARY_PATH=/home/sithija/voyager_ws/install/voyager_msgs/lib:${LD_LIBRARY_PATH} PYTHONPATH=/home/sithija/voyager_ws/install/voyager_msgs/local/lib/python3.10/dist-packages:${PYTHONPATH} /usr/bin/cmake --install /home/sithija/voyager_ws/build/voyager_description
[6.974s] -- Install configuration: ""
[6.974s] -- Execute custom install script
[6.975s] -- Symlinking: /home/sithija/voyager_ws/install/voyager_description/share/voyager_description/urdf/.vscode/c_cpp_properties.json
[6.997s] -- Symlinking: /home/sithija/voyager_ws/install/voyager_description/share/voyager_description/urdf/.vscode/settings.json
[7.019s] -- Symlinking: /home/sithija/voyager_ws/install/voyager_description/share/voyager_description/urdf/inertia_calculator.py
[7.040s] -- Symlinking: /home/sithija/voyager_ws/install/voyager_description/share/voyager_description/urdf/voyager.urdf.xacro
[7.062s] -- Symlinking: /home/sithija/voyager_ws/install/voyager_description/share/voyager_description/urdf/voyager_control.xacro
[7.083s] -- Symlinking: /home/sithija/voyager_ws/install/voyager_description/share/voyager_description/urdf/voyager_gazebo.xacro
[7.104s] -- Symlinking: /home/sithija/voyager_ws/install/voyager_description/share/voyager_description/meshes/wheel.STL
[7.124s] -- Symlinking: /home/sithija/voyager_ws/install/voyager_description/share/voyager_description/launch/display.launch.py
[7.145s] -- Symlinking: /home/sithija/voyager_ws/install/voyager_description/share/voyager_description/launch/voyager_gazebo.launch.py
[7.165s] -- Symlinking: /home/sithija/voyager_ws/install/voyager_description/share/voyager_description/rviz/display.rviz
[7.186s] -- Symlinking: /home/sithija/voyager_ws/install/voyager_description/lib/voyager_description/camera_tf_kinematics
[7.209s] -- Symlinking: /home/sithija/voyager_ws/install/voyager_description/share/ament_index/resource_index/package_run_dependencies/voyager_description
[7.220s] -- Symlinking: /home/sithija/voyager_ws/install/voyager_description/share/ament_index/resource_index/parent_prefix_path/voyager_description
[7.242s] -- Symlinking: /home/sithija/voyager_ws/install/voyager_description/share/voyager_description/environment/ament_prefix_path.sh
[7.253s] -- Symlinking: /home/sithija/voyager_ws/install/voyager_description/share/voyager_description/environment/ament_prefix_path.dsv
[7.276s] -- Symlinking: /home/sithija/voyager_ws/install/voyager_description/share/voyager_description/environment/path.sh
[7.298s] -- Symlinking: /home/sithija/voyager_ws/install/voyager_description/share/voyager_description/environment/path.dsv
[7.320s] -- Symlinking: /home/sithija/voyager_ws/install/voyager_description/share/voyager_description/local_setup.bash
[7.341s] -- Symlinking: /home/sithija/voyager_ws/install/voyager_description/share/voyager_description/local_setup.sh
[7.365s] -- Symlinking: /home/sithija/voyager_ws/install/voyager_description/share/voyager_description/local_setup.zsh
[7.388s] -- Symlinking: /home/sithija/voyager_ws/install/voyager_description/share/voyager_description/local_setup.dsv
[7.411s] -- Symlinking: /home/sithija/voyager_ws/install/voyager_description/share/voyager_description/package.dsv
[7.433s] -- Symlinking: /home/sithija/voyager_ws/install/voyager_description/share/ament_index/resource_index/packages/voyager_description
[7.450s] -- Symlinking: /home/sithija/voyager_ws/install/voyager_description/share/voyager_description/cmake/voyager_descriptionConfig.cmake
[7.472s] -- Symlinking: /home/sithija/voyager_ws/install/voyager_description/share/voyager_description/cmake/voyager_descriptionConfig-version.cmake
[7.483s] -- Symlinking: /home/sithija/voyager_ws/install/voyager_description/share/voyager_description/package.xml
[7.510s] Invoked command in '/home/sithija/voyager_ws/build/voyager_description' returned '0': AMENT_PREFIX_PATH=/home/sithija/voyager_ws/install/voyager_msgs:${AMENT_PREFIX_PATH} CMAKE_PREFIX_PATH=/home/sithija/voyager_ws/install/voyager_msgs:/opt/ros/humble LD_LIBRARY_PATH=/home/sithija/voyager_ws/install/voyager_msgs/lib:${LD_LIBRARY_PATH} PYTHONPATH=/home/sithija/voyager_ws/install/voyager_msgs/local/lib/python3.10/dist-packages:${PYTHONPATH} /usr/bin/cmake --install /home/sithija/voyager_ws/build/voyager_description
