[35m[1mConsolidate compiler generated dependencies of target voyager_msgs__rosidl_generator_c[0m
[  9%] Built target voyager_msgs__rosidl_generator_c
[35m[1mConsolidate compiler generated dependencies of target voyager_msgs__rosidl_typesupport_introspection_c[0m
[35m[1mConsolidate compiler generated dependencies of target voyager_msgs__rosidl_typesupport_fastrtps_c[0m
[ 12%] Built target voyager_msgs__cpp
[35m[1mConsolidate compiler generated dependencies of target voyager_msgs__rosidl_typesupport_c[0m
[ 16%] Built target ament_cmake_python_symlink_voyager_msgs
[ 22%] Built target voyager_msgs__rosidl_typesupport_introspection_c
[35m[1mConsolidate compiler generated dependencies of target voyager_msgs__rosidl_typesupport_introspection_cpp[0m
[35m[1mConsolidate compiler generated dependencies of target voyager_msgs__rosidl_typesupport_fastrtps_cpp[0m
[ 41%] Built target voyager_msgs__rosidl_typesupport_fastrtps_c
[ 41%] Built target voyager_msgs__rosidl_typesupport_c
[35m[1mConsolidate compiler generated dependencies of target voyager_msgs__rosidl_typesupport_cpp[0m
[ 51%] Built target voyager_msgs__rosidl_typesupport_introspection_cpp
[ 61%] Built target voyager_msgs__rosidl_typesupport_fastrtps_cpp
[ 70%] Built target voyager_msgs__rosidl_typesupport_cpp
[ 70%] Built target voyager_msgs
[ 74%] Built target voyager_msgs__py
[35m[1mConsolidate compiler generated dependencies of target voyager_msgs__rosidl_generator_py[0m
[ 80%] Built target voyager_msgs__rosidl_generator_py
[35m[1mConsolidate compiler generated dependencies of target voyager_msgs__rosidl_typesupport_c__pyext[0m
[35m[1mConsolidate compiler generated dependencies of target voyager_msgs__rosidl_typesupport_fastrtps_c__pyext[0m
[35m[1mConsolidate compiler generated dependencies of target voyager_msgs__rosidl_typesupport_introspection_c__pyext[0m
[ 93%] Built target voyager_msgs__rosidl_typesupport_fastrtps_c__pyext
[ 93%] Built target voyager_msgs__rosidl_typesupport_introspection_c__pyext
[100%] Built target voyager_msgs__rosidl_typesupport_c__pyext
running egg_info
writing voyager_msgs.egg-info/PKG-INFO
writing dependency_links to voyager_msgs.egg-info/dependency_links.txt
writing top-level names to voyager_msgs.egg-info/top_level.txt
reading manifest file 'voyager_msgs.egg-info/SOURCES.txt'
writing manifest file 'voyager_msgs.egg-info/SOURCES.txt'
[100%] Built target ament_cmake_python_build_voyager_msgs_egg
-- Install configuration: ""
-- Execute custom install script
-- Up-to-date symlink: /home/sithija/voyager_ws/install/voyager_msgs/share/ament_index/resource_index/rosidl_interfaces/voyager_msgs
-- Up-to-date symlink: /home/sithija/voyager_ws/install/voyager_msgs/include/voyager_msgs/voyager_msgs/msg/rosidl_generator_c__visibility_control.h
-- Up-to-date symlink: /home/sithija/voyager_ws/install/voyager_msgs/include/voyager_msgs/voyager_msgs/srv/detail/get_transform__functions.h
-- Up-to-date symlink: /home/sithija/voyager_ws/install/voyager_msgs/include/voyager_msgs/voyager_msgs/srv/detail/get_transform__struct.h
-- Up-to-date symlink: /home/sithija/voyager_ws/install/voyager_msgs/include/voyager_msgs/voyager_msgs/srv/detail/get_transform__type_support.h
-- Up-to-date symlink: /home/sithija/voyager_ws/install/voyager_msgs/include/voyager_msgs/voyager_msgs/srv/get_transform.h
-- Up-to-date symlink: /home/sithija/voyager_ws/install/voyager_msgs/share/voyager_msgs/environment/library_path.sh
-- Up-to-date symlink: /home/sithija/voyager_ws/install/voyager_msgs/share/voyager_msgs/environment/library_path.dsv
-- Up-to-date symlink: /home/sithija/voyager_ws/install/voyager_msgs/include/voyager_msgs/voyager_msgs/msg/rosidl_typesupport_fastrtps_c__visibility_control.h
-- Up-to-date symlink: /home/sithija/voyager_ws/install/voyager_msgs/include/voyager_msgs/voyager_msgs/srv/detail/get_transform__rosidl_typesupport_fastrtps_c.h
-- Up-to-date symlink: /home/sithija/voyager_ws/install/voyager_msgs/include/voyager_msgs/voyager_msgs/srv/detail/get_transform__builder.hpp
-- Up-to-date symlink: /home/sithija/voyager_ws/install/voyager_msgs/include/voyager_msgs/voyager_msgs/srv/detail/get_transform__struct.hpp
-- Up-to-date symlink: /home/sithija/voyager_ws/install/voyager_msgs/include/voyager_msgs/voyager_msgs/srv/detail/get_transform__traits.hpp
-- Up-to-date symlink: /home/sithija/voyager_ws/install/voyager_msgs/include/voyager_msgs/voyager_msgs/srv/get_transform.hpp
-- Up-to-date symlink: /home/sithija/voyager_ws/install/voyager_msgs/include/voyager_msgs/voyager_msgs/msg/rosidl_typesupport_fastrtps_cpp__visibility_control.h
-- Up-to-date symlink: /home/sithija/voyager_ws/install/voyager_msgs/include/voyager_msgs/voyager_msgs/srv/detail/get_transform__rosidl_typesupport_fastrtps_cpp.hpp
-- Up-to-date symlink: /home/sithija/voyager_ws/install/voyager_msgs/include/voyager_msgs/voyager_msgs/msg/rosidl_typesupport_introspection_c__visibility_control.h
-- Up-to-date symlink: /home/sithija/voyager_ws/install/voyager_msgs/include/voyager_msgs/voyager_msgs/srv/detail/get_transform__rosidl_typesupport_introspection_c.h
-- Up-to-date symlink: /home/sithija/voyager_ws/install/voyager_msgs/include/voyager_msgs/voyager_msgs/srv/detail/get_transform__rosidl_typesupport_introspection_cpp.hpp
-- Up-to-date symlink: /home/sithija/voyager_ws/install/voyager_msgs/share/voyager_msgs/environment/pythonpath.sh
-- Up-to-date symlink: /home/sithija/voyager_ws/install/voyager_msgs/share/voyager_msgs/environment/pythonpath.dsv
-- Up-to-date symlink: /home/sithija/voyager_ws/install/voyager_msgs/local/lib/python3.10/dist-packages/voyager_msgs-0.0.0-py3.10.egg-info/PKG-INFO
-- Up-to-date symlink: /home/sithija/voyager_ws/install/voyager_msgs/local/lib/python3.10/dist-packages/voyager_msgs-0.0.0-py3.10.egg-info/SOURCES.txt
-- Up-to-date symlink: /home/sithija/voyager_ws/install/voyager_msgs/local/lib/python3.10/dist-packages/voyager_msgs-0.0.0-py3.10.egg-info/dependency_links.txt
-- Up-to-date symlink: /home/sithija/voyager_ws/install/voyager_msgs/local/lib/python3.10/dist-packages/voyager_msgs-0.0.0-py3.10.egg-info/top_level.txt
-- Up-to-date symlink: /home/sithija/voyager_ws/install/voyager_msgs/local/lib/python3.10/dist-packages/voyager_msgs/__init__.py
-- Up-to-date symlink: /home/sithija/voyager_ws/install/voyager_msgs/local/lib/python3.10/dist-packages/voyager_msgs/_voyager_msgs_s.ep.rosidl_typesupport_c.c
-- Up-to-date symlink: /home/sithija/voyager_ws/install/voyager_msgs/local/lib/python3.10/dist-packages/voyager_msgs/_voyager_msgs_s.ep.rosidl_typesupport_fastrtps_c.c
-- Up-to-date symlink: /home/sithija/voyager_ws/install/voyager_msgs/local/lib/python3.10/dist-packages/voyager_msgs/_voyager_msgs_s.ep.rosidl_typesupport_introspection_c.c
-- Up-to-date symlink: /home/sithija/voyager_ws/install/voyager_msgs/local/lib/python3.10/dist-packages/voyager_msgs/libvoyager_msgs__rosidl_generator_py.so
-- Up-to-date symlink: /home/sithija/voyager_ws/install/voyager_msgs/local/lib/python3.10/dist-packages/voyager_msgs/srv/__init__.py
-- Up-to-date symlink: /home/sithija/voyager_ws/install/voyager_msgs/local/lib/python3.10/dist-packages/voyager_msgs/srv/_get_transform.py
-- Up-to-date symlink: /home/sithija/voyager_ws/install/voyager_msgs/local/lib/python3.10/dist-packages/voyager_msgs/srv/_get_transform_s.c
-- Up-to-date symlink: /home/sithija/voyager_ws/install/voyager_msgs/local/lib/python3.10/dist-packages/voyager_msgs/voyager_msgs_s__rosidl_typesupport_c.cpython-310-x86_64-linux-gnu.so
-- Up-to-date symlink: /home/sithija/voyager_ws/install/voyager_msgs/local/lib/python3.10/dist-packages/voyager_msgs/voyager_msgs_s__rosidl_typesupport_fastrtps_c.cpython-310-x86_64-linux-gnu.so
-- Up-to-date symlink: /home/sithija/voyager_ws/install/voyager_msgs/local/lib/python3.10/dist-packages/voyager_msgs/voyager_msgs_s__rosidl_typesupport_introspection_c.cpython-310-x86_64-linux-gnu.so
-- Up-to-date symlink: /home/sithija/voyager_ws/install/voyager_msgs/local/lib/python3.10/dist-packages/voyager_msgs/voyager_msgs_s__rosidl_typesupport_fastrtps_c.cpython-310-x86_64-linux-gnu.so
-- Up-to-date symlink: /home/sithija/voyager_ws/install/voyager_msgs/local/lib/python3.10/dist-packages/voyager_msgs/voyager_msgs_s__rosidl_typesupport_introspection_c.cpython-310-x86_64-linux-gnu.so
-- Up-to-date symlink: /home/sithija/voyager_ws/install/voyager_msgs/local/lib/python3.10/dist-packages/voyager_msgs/voyager_msgs_s__rosidl_typesupport_c.cpython-310-x86_64-linux-gnu.so
-- Up-to-date symlink: /home/sithija/voyager_ws/install/voyager_msgs/share/voyager_msgs/srv/GetTransform.idl
-- Up-to-date symlink: /home/sithija/voyager_ws/install/voyager_msgs/share/voyager_msgs/srv/GetTransform.srv
-- Up-to-date symlink: /home/sithija/voyager_ws/install/voyager_msgs/share/voyager_msgs/srv/GetTransform_Request.msg
-- Up-to-date symlink: /home/sithija/voyager_ws/install/voyager_msgs/share/voyager_msgs/srv/GetTransform_Response.msg
-- Up-to-date symlink: /home/sithija/voyager_ws/install/voyager_msgs/share/ament_index/resource_index/package_run_dependencies/voyager_msgs
-- Up-to-date symlink: /home/sithija/voyager_ws/install/voyager_msgs/share/ament_index/resource_index/parent_prefix_path/voyager_msgs
-- Up-to-date symlink: /home/sithija/voyager_ws/install/voyager_msgs/share/voyager_msgs/environment/ament_prefix_path.sh
-- Up-to-date symlink: /home/sithija/voyager_ws/install/voyager_msgs/share/voyager_msgs/environment/ament_prefix_path.dsv
-- Up-to-date symlink: /home/sithija/voyager_ws/install/voyager_msgs/share/voyager_msgs/environment/path.sh
-- Up-to-date symlink: /home/sithija/voyager_ws/install/voyager_msgs/share/voyager_msgs/environment/path.dsv
-- Up-to-date symlink: /home/sithija/voyager_ws/install/voyager_msgs/share/voyager_msgs/local_setup.bash
-- Up-to-date symlink: /home/sithija/voyager_ws/install/voyager_msgs/share/voyager_msgs/local_setup.sh
-- Up-to-date symlink: /home/sithija/voyager_ws/install/voyager_msgs/share/voyager_msgs/local_setup.zsh
-- Up-to-date symlink: /home/sithija/voyager_ws/install/voyager_msgs/share/voyager_msgs/local_setup.dsv
-- Symlinking: /home/sithija/voyager_ws/install/voyager_msgs/share/voyager_msgs/package.dsv
-- Up-to-date symlink: /home/sithija/voyager_ws/install/voyager_msgs/share/ament_index/resource_index/packages/voyager_msgs
-- Up-to-date symlink: /home/sithija/voyager_ws/install/voyager_msgs/share/voyager_msgs/cmake/rosidl_cmake-extras.cmake
-- Up-to-date symlink: /home/sithija/voyager_ws/install/voyager_msgs/share/voyager_msgs/cmake/ament_cmake_export_dependencies-extras.cmake
-- Up-to-date symlink: /home/sithija/voyager_ws/install/voyager_msgs/share/voyager_msgs/cmake/ament_cmake_export_include_directories-extras.cmake
-- Up-to-date symlink: /home/sithija/voyager_ws/install/voyager_msgs/share/voyager_msgs/cmake/ament_cmake_export_libraries-extras.cmake
-- Up-to-date symlink: /home/sithija/voyager_ws/install/voyager_msgs/share/voyager_msgs/cmake/ament_cmake_export_targets-extras.cmake
-- Up-to-date symlink: /home/sithija/voyager_ws/install/voyager_msgs/share/voyager_msgs/cmake/rosidl_cmake_export_typesupport_targets-extras.cmake
-- Up-to-date symlink: /home/sithija/voyager_ws/install/voyager_msgs/share/voyager_msgs/cmake/rosidl_cmake_export_typesupport_libraries-extras.cmake
-- Up-to-date symlink: /home/sithija/voyager_ws/install/voyager_msgs/share/voyager_msgs/cmake/voyager_msgsConfig.cmake
-- Up-to-date symlink: /home/sithija/voyager_ws/install/voyager_msgs/share/voyager_msgs/cmake/voyager_msgsConfig-version.cmake
-- Up-to-date symlink: /home/sithija/voyager_ws/install/voyager_msgs/share/voyager_msgs/package.xml
-- Up-to-date: /home/sithija/voyager_ws/install/voyager_msgs/lib/libvoyager_msgs__rosidl_generator_c.so
-- Up-to-date: /home/sithija/voyager_ws/install/voyager_msgs/lib/libvoyager_msgs__rosidl_typesupport_fastrtps_c.so
-- Up-to-date: /home/sithija/voyager_ws/install/voyager_msgs/lib/libvoyager_msgs__rosidl_typesupport_fastrtps_cpp.so
-- Up-to-date: /home/sithija/voyager_ws/install/voyager_msgs/lib/libvoyager_msgs__rosidl_typesupport_introspection_c.so
-- Up-to-date: /home/sithija/voyager_ws/install/voyager_msgs/lib/libvoyager_msgs__rosidl_typesupport_c.so
-- Up-to-date: /home/sithija/voyager_ws/install/voyager_msgs/lib/libvoyager_msgs__rosidl_typesupport_introspection_cpp.so
-- Up-to-date: /home/sithija/voyager_ws/install/voyager_msgs/lib/libvoyager_msgs__rosidl_typesupport_cpp.so
Listing '/home/sithija/voyager_ws/install/voyager_msgs/local/lib/python3.10/dist-packages/voyager_msgs'...
Listing '/home/sithija/voyager_ws/install/voyager_msgs/local/lib/python3.10/dist-packages/voyager_msgs/srv'...
-- Up-to-date: /home/sithija/voyager_ws/install/voyager_msgs/lib/libvoyager_msgs__rosidl_generator_py.so
-- Up-to-date: /home/sithija/voyager_ws/install/voyager_msgs/share/voyager_msgs/cmake/export_voyager_msgs__rosidl_generator_cExport.cmake
-- Up-to-date: /home/sithija/voyager_ws/install/voyager_msgs/share/voyager_msgs/cmake/export_voyager_msgs__rosidl_generator_cExport-noconfig.cmake
-- Up-to-date: /home/sithija/voyager_ws/install/voyager_msgs/share/voyager_msgs/cmake/export_voyager_msgs__rosidl_typesupport_fastrtps_cExport.cmake
-- Up-to-date: /home/sithija/voyager_ws/install/voyager_msgs/share/voyager_msgs/cmake/export_voyager_msgs__rosidl_typesupport_fastrtps_cExport-noconfig.cmake
-- Up-to-date: /home/sithija/voyager_ws/install/voyager_msgs/share/voyager_msgs/cmake/export_voyager_msgs__rosidl_generator_cppExport.cmake
-- Up-to-date: /home/sithija/voyager_ws/install/voyager_msgs/share/voyager_msgs/cmake/export_voyager_msgs__rosidl_typesupport_fastrtps_cppExport.cmake
-- Up-to-date: /home/sithija/voyager_ws/install/voyager_msgs/share/voyager_msgs/cmake/export_voyager_msgs__rosidl_typesupport_fastrtps_cppExport-noconfig.cmake
-- Up-to-date: /home/sithija/voyager_ws/install/voyager_msgs/share/voyager_msgs/cmake/voyager_msgs__rosidl_typesupport_introspection_cExport.cmake
-- Up-to-date: /home/sithija/voyager_ws/install/voyager_msgs/share/voyager_msgs/cmake/voyager_msgs__rosidl_typesupport_introspection_cExport-noconfig.cmake
-- Up-to-date: /home/sithija/voyager_ws/install/voyager_msgs/share/voyager_msgs/cmake/voyager_msgs__rosidl_typesupport_cExport.cmake
-- Up-to-date: /home/sithija/voyager_ws/install/voyager_msgs/share/voyager_msgs/cmake/voyager_msgs__rosidl_typesupport_cExport-noconfig.cmake
-- Up-to-date: /home/sithija/voyager_ws/install/voyager_msgs/share/voyager_msgs/cmake/voyager_msgs__rosidl_typesupport_introspection_cppExport.cmake
-- Up-to-date: /home/sithija/voyager_ws/install/voyager_msgs/share/voyager_msgs/cmake/voyager_msgs__rosidl_typesupport_introspection_cppExport-noconfig.cmake
-- Up-to-date: /home/sithija/voyager_ws/install/voyager_msgs/share/voyager_msgs/cmake/voyager_msgs__rosidl_typesupport_cppExport.cmake
-- Up-to-date: /home/sithija/voyager_ws/install/voyager_msgs/share/voyager_msgs/cmake/voyager_msgs__rosidl_typesupport_cppExport-noconfig.cmake
-- Up-to-date: /home/sithija/voyager_ws/install/voyager_msgs/share/voyager_msgs/cmake/export_voyager_msgs__rosidl_generator_pyExport.cmake
-- Up-to-date: /home/sithija/voyager_ws/install/voyager_msgs/share/voyager_msgs/cmake/export_voyager_msgs__rosidl_generator_pyExport-noconfig.cmake
