[0.125s] Invoking command in '/home/sithija/voyager_ws/build/voyager_msgs': CMAKE_PREFIX_PATH=${CMAKE_PREFIX_PATH}:/opt/ros/humble /usr/bin/cmake --build /home/sithija/voyager_ws/build/voyager_msgs -- -j16 -l16
[0.193s] [35m[1mConsolidate compiler generated dependencies of target voyager_msgs__rosidl_generator_c[0m
[0.209s] [  9%] Built target voyager_msgs__rosidl_generator_c
[0.220s] [35m[1mConsolidate compiler generated dependencies of target voyager_msgs__rosidl_typesupport_introspection_c[0m
[0.220s] [35m[1mConsolidate compiler generated dependencies of target voyager_msgs__rosidl_typesupport_fastrtps_c[0m
[0.220s] [ 12%] Built target voyager_msgs__cpp
[0.221s] [35m[1mConsolidate compiler generated dependencies of target voyager_msgs__rosidl_typesupport_c[0m
[0.233s] [ 16%] Built target ament_cmake_python_symlink_voyager_msgs
[0.234s] [ 22%] Built target voyager_msgs__rosidl_typesupport_introspection_c
[0.234s] [35m[1mConsolidate compiler generated dependencies of target voyager_msgs__rosidl_typesupport_introspection_cpp[0m
[0.234s] [35m[1mConsolidate compiler generated dependencies of target voyager_msgs__rosidl_typesupport_fastrtps_cpp[0m
[0.236s] [ 41%] Built target voyager_msgs__rosidl_typesupport_fastrtps_c
[0.236s] [ 41%] Built target voyager_msgs__rosidl_typesupport_c
[0.242s] [35m[1mConsolidate compiler generated dependencies of target voyager_msgs__rosidl_typesupport_cpp[0m
[0.252s] [ 51%] Built target voyager_msgs__rosidl_typesupport_introspection_cpp
[0.255s] [ 61%] Built target voyager_msgs__rosidl_typesupport_fastrtps_cpp
[0.260s] [ 70%] Built target voyager_msgs__rosidl_typesupport_cpp
[0.284s] [ 70%] Built target voyager_msgs
[0.309s] [ 74%] Built target voyager_msgs__py
[0.321s] [35m[1mConsolidate compiler generated dependencies of target voyager_msgs__rosidl_generator_py[0m
[0.338s] [ 80%] Built target voyager_msgs__rosidl_generator_py
[0.353s] [35m[1mConsolidate compiler generated dependencies of target voyager_msgs__rosidl_typesupport_c__pyext[0m
[0.353s] [35m[1mConsolidate compiler generated dependencies of target voyager_msgs__rosidl_typesupport_fastrtps_c__pyext[0m
[0.353s] [35m[1mConsolidate compiler generated dependencies of target voyager_msgs__rosidl_typesupport_introspection_c__pyext[0m
[0.370s] [ 93%] Built target voyager_msgs__rosidl_typesupport_fastrtps_c__pyext
[0.370s] [ 93%] Built target voyager_msgs__rosidl_typesupport_introspection_c__pyext
[0.371s] [100%] Built target voyager_msgs__rosidl_typesupport_c__pyext
[0.503s] running egg_info
[0.503s] writing voyager_msgs.egg-info/PKG-INFO
[0.504s] writing dependency_links to voyager_msgs.egg-info/dependency_links.txt
[0.504s] writing top-level names to voyager_msgs.egg-info/top_level.txt
[0.506s] reading manifest file 'voyager_msgs.egg-info/SOURCES.txt'
[0.506s] writing manifest file 'voyager_msgs.egg-info/SOURCES.txt'
[0.538s] [100%] Built target ament_cmake_python_build_voyager_msgs_egg
[0.563s] Invoked command in '/home/sithija/voyager_ws/build/voyager_msgs' returned '0': CMAKE_PREFIX_PATH=${CMAKE_PREFIX_PATH}:/opt/ros/humble /usr/bin/cmake --build /home/sithija/voyager_ws/build/voyager_msgs -- -j16 -l16
[0.670s] Invoking command in '/home/sithija/voyager_ws/build/voyager_msgs': CMAKE_PREFIX_PATH=${CMAKE_PREFIX_PATH}:/opt/ros/humble /usr/bin/cmake --install /home/sithija/voyager_ws/build/voyager_msgs
[0.677s] -- Install configuration: ""
[0.678s] -- Execute custom install script
[0.678s] -- Up-to-date symlink: /home/sithija/voyager_ws/install/voyager_msgs/share/ament_index/resource_index/rosidl_interfaces/voyager_msgs
[0.678s] -- Up-to-date symlink: /home/sithija/voyager_ws/install/voyager_msgs/include/voyager_msgs/voyager_msgs/msg/rosidl_generator_c__visibility_control.h
[0.679s] -- Up-to-date symlink: /home/sithija/voyager_ws/install/voyager_msgs/include/voyager_msgs/voyager_msgs/srv/detail/get_transform__functions.h
[0.679s] -- Up-to-date symlink: /home/sithija/voyager_ws/install/voyager_msgs/include/voyager_msgs/voyager_msgs/srv/detail/get_transform__struct.h
[0.679s] -- Up-to-date symlink: /home/sithija/voyager_ws/install/voyager_msgs/include/voyager_msgs/voyager_msgs/srv/detail/get_transform__type_support.h
[0.679s] -- Up-to-date symlink: /home/sithija/voyager_ws/install/voyager_msgs/include/voyager_msgs/voyager_msgs/srv/get_transform.h
[0.679s] -- Up-to-date symlink: /home/sithija/voyager_ws/install/voyager_msgs/share/voyager_msgs/environment/library_path.sh
[0.679s] -- Up-to-date symlink: /home/sithija/voyager_ws/install/voyager_msgs/share/voyager_msgs/environment/library_path.dsv
[0.679s] -- Up-to-date symlink: /home/sithija/voyager_ws/install/voyager_msgs/include/voyager_msgs/voyager_msgs/msg/rosidl_typesupport_fastrtps_c__visibility_control.h
[0.680s] -- Up-to-date symlink: /home/sithija/voyager_ws/install/voyager_msgs/include/voyager_msgs/voyager_msgs/srv/detail/get_transform__rosidl_typesupport_fastrtps_c.h
[0.680s] -- Up-to-date symlink: /home/sithija/voyager_ws/install/voyager_msgs/include/voyager_msgs/voyager_msgs/srv/detail/get_transform__builder.hpp
[0.680s] -- Up-to-date symlink: /home/sithija/voyager_ws/install/voyager_msgs/include/voyager_msgs/voyager_msgs/srv/detail/get_transform__struct.hpp
[0.680s] -- Up-to-date symlink: /home/sithija/voyager_ws/install/voyager_msgs/include/voyager_msgs/voyager_msgs/srv/detail/get_transform__traits.hpp
[0.680s] -- Up-to-date symlink: /home/sithija/voyager_ws/install/voyager_msgs/include/voyager_msgs/voyager_msgs/srv/get_transform.hpp
[0.681s] -- Up-to-date symlink: /home/sithija/voyager_ws/install/voyager_msgs/include/voyager_msgs/voyager_msgs/msg/rosidl_typesupport_fastrtps_cpp__visibility_control.h
[0.681s] -- Up-to-date symlink: /home/sithija/voyager_ws/install/voyager_msgs/include/voyager_msgs/voyager_msgs/srv/detail/get_transform__rosidl_typesupport_fastrtps_cpp.hpp
[0.681s] -- Up-to-date symlink: /home/sithija/voyager_ws/install/voyager_msgs/include/voyager_msgs/voyager_msgs/msg/rosidl_typesupport_introspection_c__visibility_control.h
[0.681s] -- Up-to-date symlink: /home/sithija/voyager_ws/install/voyager_msgs/include/voyager_msgs/voyager_msgs/srv/detail/get_transform__rosidl_typesupport_introspection_c.h
[0.681s] -- Up-to-date symlink: /home/sithija/voyager_ws/install/voyager_msgs/include/voyager_msgs/voyager_msgs/srv/detail/get_transform__rosidl_typesupport_introspection_cpp.hpp
[0.682s] -- Up-to-date symlink: /home/sithija/voyager_ws/install/voyager_msgs/share/voyager_msgs/environment/pythonpath.sh
[0.682s] -- Up-to-date symlink: /home/sithija/voyager_ws/install/voyager_msgs/share/voyager_msgs/environment/pythonpath.dsv
[0.682s] -- Up-to-date symlink: /home/sithija/voyager_ws/install/voyager_msgs/local/lib/python3.10/dist-packages/voyager_msgs-0.0.0-py3.10.egg-info/PKG-INFO
[0.682s] -- Up-to-date symlink: /home/sithija/voyager_ws/install/voyager_msgs/local/lib/python3.10/dist-packages/voyager_msgs-0.0.0-py3.10.egg-info/SOURCES.txt
[0.682s] -- Up-to-date symlink: /home/sithija/voyager_ws/install/voyager_msgs/local/lib/python3.10/dist-packages/voyager_msgs-0.0.0-py3.10.egg-info/dependency_links.txt
[0.682s] -- Up-to-date symlink: /home/sithija/voyager_ws/install/voyager_msgs/local/lib/python3.10/dist-packages/voyager_msgs-0.0.0-py3.10.egg-info/top_level.txt
[0.683s] -- Up-to-date symlink: /home/sithija/voyager_ws/install/voyager_msgs/local/lib/python3.10/dist-packages/voyager_msgs/__init__.py
[0.683s] -- Up-to-date symlink: /home/sithija/voyager_ws/install/voyager_msgs/local/lib/python3.10/dist-packages/voyager_msgs/_voyager_msgs_s.ep.rosidl_typesupport_c.c
[0.683s] -- Up-to-date symlink: /home/sithija/voyager_ws/install/voyager_msgs/local/lib/python3.10/dist-packages/voyager_msgs/_voyager_msgs_s.ep.rosidl_typesupport_fastrtps_c.c
[0.683s] -- Up-to-date symlink: /home/sithija/voyager_ws/install/voyager_msgs/local/lib/python3.10/dist-packages/voyager_msgs/_voyager_msgs_s.ep.rosidl_typesupport_introspection_c.c
[0.683s] -- Up-to-date symlink: /home/sithija/voyager_ws/install/voyager_msgs/local/lib/python3.10/dist-packages/voyager_msgs/libvoyager_msgs__rosidl_generator_py.so
[0.683s] -- Up-to-date symlink: /home/sithija/voyager_ws/install/voyager_msgs/local/lib/python3.10/dist-packages/voyager_msgs/srv/__init__.py
[0.683s] -- Up-to-date symlink: /home/sithija/voyager_ws/install/voyager_msgs/local/lib/python3.10/dist-packages/voyager_msgs/srv/_get_transform.py
[0.683s] -- Up-to-date symlink: /home/sithija/voyager_ws/install/voyager_msgs/local/lib/python3.10/dist-packages/voyager_msgs/srv/_get_transform_s.c
[0.684s] -- Up-to-date symlink: /home/sithija/voyager_ws/install/voyager_msgs/local/lib/python3.10/dist-packages/voyager_msgs/voyager_msgs_s__rosidl_typesupport_c.cpython-310-x86_64-linux-gnu.so
[0.684s] -- Up-to-date symlink: /home/sithija/voyager_ws/install/voyager_msgs/local/lib/python3.10/dist-packages/voyager_msgs/voyager_msgs_s__rosidl_typesupport_fastrtps_c.cpython-310-x86_64-linux-gnu.so
[0.684s] -- Up-to-date symlink: /home/sithija/voyager_ws/install/voyager_msgs/local/lib/python3.10/dist-packages/voyager_msgs/voyager_msgs_s__rosidl_typesupport_introspection_c.cpython-310-x86_64-linux-gnu.so
[0.684s] -- Up-to-date symlink: /home/sithija/voyager_ws/install/voyager_msgs/local/lib/python3.10/dist-packages/voyager_msgs/voyager_msgs_s__rosidl_typesupport_fastrtps_c.cpython-310-x86_64-linux-gnu.so
[0.684s] -- Up-to-date symlink: /home/sithija/voyager_ws/install/voyager_msgs/local/lib/python3.10/dist-packages/voyager_msgs/voyager_msgs_s__rosidl_typesupport_introspection_c.cpython-310-x86_64-linux-gnu.so
[0.684s] -- Up-to-date symlink: /home/sithija/voyager_ws/install/voyager_msgs/local/lib/python3.10/dist-packages/voyager_msgs/voyager_msgs_s__rosidl_typesupport_c.cpython-310-x86_64-linux-gnu.so
[0.685s] -- Up-to-date symlink: /home/sithija/voyager_ws/install/voyager_msgs/share/voyager_msgs/srv/GetTransform.idl
[0.685s] -- Up-to-date symlink: /home/sithija/voyager_ws/install/voyager_msgs/share/voyager_msgs/srv/GetTransform.srv
[0.685s] -- Up-to-date symlink: /home/sithija/voyager_ws/install/voyager_msgs/share/voyager_msgs/srv/GetTransform_Request.msg
[0.685s] -- Up-to-date symlink: /home/sithija/voyager_ws/install/voyager_msgs/share/voyager_msgs/srv/GetTransform_Response.msg
[0.685s] -- Up-to-date symlink: /home/sithija/voyager_ws/install/voyager_msgs/share/ament_index/resource_index/package_run_dependencies/voyager_msgs
[0.685s] -- Up-to-date symlink: /home/sithija/voyager_ws/install/voyager_msgs/share/ament_index/resource_index/parent_prefix_path/voyager_msgs
[0.685s] -- Up-to-date symlink: /home/sithija/voyager_ws/install/voyager_msgs/share/voyager_msgs/environment/ament_prefix_path.sh
[0.686s] -- Up-to-date symlink: /home/sithija/voyager_ws/install/voyager_msgs/share/voyager_msgs/environment/ament_prefix_path.dsv
[0.686s] -- Up-to-date symlink: /home/sithija/voyager_ws/install/voyager_msgs/share/voyager_msgs/environment/path.sh
[0.686s] -- Up-to-date symlink: /home/sithija/voyager_ws/install/voyager_msgs/share/voyager_msgs/environment/path.dsv
[0.686s] -- Up-to-date symlink: /home/sithija/voyager_ws/install/voyager_msgs/share/voyager_msgs/local_setup.bash
[0.686s] -- Up-to-date symlink: /home/sithija/voyager_ws/install/voyager_msgs/share/voyager_msgs/local_setup.sh
[0.686s] -- Up-to-date symlink: /home/sithija/voyager_ws/install/voyager_msgs/share/voyager_msgs/local_setup.zsh
[0.686s] -- Up-to-date symlink: /home/sithija/voyager_ws/install/voyager_msgs/share/voyager_msgs/local_setup.dsv
[0.686s] -- Symlinking: /home/sithija/voyager_ws/install/voyager_msgs/share/voyager_msgs/package.dsv
[0.697s] -- Up-to-date symlink: /home/sithija/voyager_ws/install/voyager_msgs/share/ament_index/resource_index/packages/voyager_msgs
[0.697s] -- Up-to-date symlink: /home/sithija/voyager_ws/install/voyager_msgs/share/voyager_msgs/cmake/rosidl_cmake-extras.cmake
[0.697s] -- Up-to-date symlink: /home/sithija/voyager_ws/install/voyager_msgs/share/voyager_msgs/cmake/ament_cmake_export_dependencies-extras.cmake
[0.697s] -- Up-to-date symlink: /home/sithija/voyager_ws/install/voyager_msgs/share/voyager_msgs/cmake/ament_cmake_export_include_directories-extras.cmake
[0.697s] -- Up-to-date symlink: /home/sithija/voyager_ws/install/voyager_msgs/share/voyager_msgs/cmake/ament_cmake_export_libraries-extras.cmake
[0.698s] -- Up-to-date symlink: /home/sithija/voyager_ws/install/voyager_msgs/share/voyager_msgs/cmake/ament_cmake_export_targets-extras.cmake
[0.698s] -- Up-to-date symlink: /home/sithija/voyager_ws/install/voyager_msgs/share/voyager_msgs/cmake/rosidl_cmake_export_typesupport_targets-extras.cmake
[0.698s] -- Up-to-date symlink: /home/sithija/voyager_ws/install/voyager_msgs/share/voyager_msgs/cmake/rosidl_cmake_export_typesupport_libraries-extras.cmake
[0.698s] -- Up-to-date symlink: /home/sithija/voyager_ws/install/voyager_msgs/share/voyager_msgs/cmake/voyager_msgsConfig.cmake
[0.698s] -- Up-to-date symlink: /home/sithija/voyager_ws/install/voyager_msgs/share/voyager_msgs/cmake/voyager_msgsConfig-version.cmake
[0.698s] -- Up-to-date symlink: /home/sithija/voyager_ws/install/voyager_msgs/share/voyager_msgs/package.xml
[0.699s] -- Up-to-date: /home/sithija/voyager_ws/install/voyager_msgs/lib/libvoyager_msgs__rosidl_generator_c.so
[0.699s] -- Up-to-date: /home/sithija/voyager_ws/install/voyager_msgs/lib/libvoyager_msgs__rosidl_typesupport_fastrtps_c.so
[0.699s] -- Up-to-date: /home/sithija/voyager_ws/install/voyager_msgs/lib/libvoyager_msgs__rosidl_typesupport_fastrtps_cpp.so
[0.699s] -- Up-to-date: /home/sithija/voyager_ws/install/voyager_msgs/lib/libvoyager_msgs__rosidl_typesupport_introspection_c.so
[0.700s] -- Up-to-date: /home/sithija/voyager_ws/install/voyager_msgs/lib/libvoyager_msgs__rosidl_typesupport_c.so
[0.700s] -- Up-to-date: /home/sithija/voyager_ws/install/voyager_msgs/lib/libvoyager_msgs__rosidl_typesupport_introspection_cpp.so
[0.700s] -- Up-to-date: /home/sithija/voyager_ws/install/voyager_msgs/lib/libvoyager_msgs__rosidl_typesupport_cpp.so
[0.726s] Listing '/home/sithija/voyager_ws/install/voyager_msgs/local/lib/python3.10/dist-packages/voyager_msgs'...
[0.726s] Listing '/home/sithija/voyager_ws/install/voyager_msgs/local/lib/python3.10/dist-packages/voyager_msgs/srv'...
[0.730s] -- Up-to-date: /home/sithija/voyager_ws/install/voyager_msgs/lib/libvoyager_msgs__rosidl_generator_py.so
[0.730s] -- Up-to-date: /home/sithija/voyager_ws/install/voyager_msgs/share/voyager_msgs/cmake/export_voyager_msgs__rosidl_generator_cExport.cmake
[0.730s] -- Up-to-date: /home/sithija/voyager_ws/install/voyager_msgs/share/voyager_msgs/cmake/export_voyager_msgs__rosidl_generator_cExport-noconfig.cmake
[0.730s] -- Up-to-date: /home/sithija/voyager_ws/install/voyager_msgs/share/voyager_msgs/cmake/export_voyager_msgs__rosidl_typesupport_fastrtps_cExport.cmake
[0.731s] -- Up-to-date: /home/sithija/voyager_ws/install/voyager_msgs/share/voyager_msgs/cmake/export_voyager_msgs__rosidl_typesupport_fastrtps_cExport-noconfig.cmake
[0.731s] -- Up-to-date: /home/sithija/voyager_ws/install/voyager_msgs/share/voyager_msgs/cmake/export_voyager_msgs__rosidl_generator_cppExport.cmake
[0.731s] -- Up-to-date: /home/sithija/voyager_ws/install/voyager_msgs/share/voyager_msgs/cmake/export_voyager_msgs__rosidl_typesupport_fastrtps_cppExport.cmake
[0.731s] -- Up-to-date: /home/sithija/voyager_ws/install/voyager_msgs/share/voyager_msgs/cmake/export_voyager_msgs__rosidl_typesupport_fastrtps_cppExport-noconfig.cmake
[0.731s] -- Up-to-date: /home/sithija/voyager_ws/install/voyager_msgs/share/voyager_msgs/cmake/voyager_msgs__rosidl_typesupport_introspection_cExport.cmake
[0.731s] -- Up-to-date: /home/sithija/voyager_ws/install/voyager_msgs/share/voyager_msgs/cmake/voyager_msgs__rosidl_typesupport_introspection_cExport-noconfig.cmake
[0.732s] -- Up-to-date: /home/sithija/voyager_ws/install/voyager_msgs/share/voyager_msgs/cmake/voyager_msgs__rosidl_typesupport_cExport.cmake
[0.732s] -- Up-to-date: /home/sithija/voyager_ws/install/voyager_msgs/share/voyager_msgs/cmake/voyager_msgs__rosidl_typesupport_cExport-noconfig.cmake
[0.732s] -- Up-to-date: /home/sithija/voyager_ws/install/voyager_msgs/share/voyager_msgs/cmake/voyager_msgs__rosidl_typesupport_introspection_cppExport.cmake
[0.732s] -- Up-to-date: /home/sithija/voyager_ws/install/voyager_msgs/share/voyager_msgs/cmake/voyager_msgs__rosidl_typesupport_introspection_cppExport-noconfig.cmake
[0.732s] -- Up-to-date: /home/sithija/voyager_ws/install/voyager_msgs/share/voyager_msgs/cmake/voyager_msgs__rosidl_typesupport_cppExport.cmake
[0.732s] -- Up-to-date: /home/sithija/voyager_ws/install/voyager_msgs/share/voyager_msgs/cmake/voyager_msgs__rosidl_typesupport_cppExport-noconfig.cmake
[0.732s] -- Up-to-date: /home/sithija/voyager_ws/install/voyager_msgs/share/voyager_msgs/cmake/export_voyager_msgs__rosidl_generator_pyExport.cmake
[0.732s] -- Up-to-date: /home/sithija/voyager_ws/install/voyager_msgs/share/voyager_msgs/cmake/export_voyager_msgs__rosidl_generator_pyExport-noconfig.cmake
[0.733s] Invoked command in '/home/sithija/voyager_ws/build/voyager_msgs' returned '0': CMAKE_PREFIX_PATH=${CMAKE_PREFIX_PATH}:/opt/ros/humble /usr/bin/cmake --install /home/sithija/voyager_ws/build/voyager_msgs
