[0.124s] Invoking command in '/home/sithija/voyager_ws/build/voyager_msgs': CMAKE_PREFIX_PATH=${CMAKE_PREFIX_PATH}:/opt/ros/humble /usr/bin/cmake --build /home/sithija/voyager_ws/build/voyager_msgs -- -j16 -l16
[0.196s] [  3%] Built target voyager_msgs__cpp
[0.207s] [  3%] Built target ament_cmake_python_symlink_voyager_msgs
[0.208s] [ 12%] Built target voyager_msgs__rosidl_generator_c
[0.220s] [ 22%] Built target voyager_msgs__rosidl_typesupport_cpp
[0.220s] [ 32%] Built target voyager_msgs__rosidl_typesupport_introspection_cpp
[0.232s] [ 41%] Built target voyager_msgs__rosidl_typesupport_c
[0.233s] [ 51%] Built target voyager_msgs__rosidl_typesupport_fastrtps_c
[0.235s] [ 61%] Built target voyager_msgs__rosidl_typesupport_fastrtps_cpp
[0.240s] [ 70%] Built target voyager_msgs__rosidl_typesupport_introspection_c
[0.263s] [ 70%] Built target voyager_msgs
[0.286s] [ 74%] Built target voyager_msgs__py
[0.310s] [ 80%] Built target voyager_msgs__rosidl_generator_py
[0.335s] [100%] Built target voyager_msgs__rosidl_typesupport_introspection_c__pyext
[0.335s] [100%] Built target voyager_msgs__rosidl_typesupport_c__pyext
[0.335s] [100%] Built target voyager_msgs__rosidl_typesupport_fastrtps_c__pyext
[0.448s] running egg_info
[0.448s] writing voyager_msgs.egg-info/PKG-INFO
[0.448s] writing dependency_links to voyager_msgs.egg-info/dependency_links.txt
[0.448s] writing top-level names to voyager_msgs.egg-info/top_level.txt
[0.450s] reading manifest file 'voyager_msgs.egg-info/SOURCES.txt'
[0.451s] writing manifest file 'voyager_msgs.egg-info/SOURCES.txt'
[0.481s] [100%] Built target ament_cmake_python_build_voyager_msgs_egg
[0.496s] Invoked command in '/home/sithija/voyager_ws/build/voyager_msgs' returned '0': CMAKE_PREFIX_PATH=${CMAKE_PREFIX_PATH}:/opt/ros/humble /usr/bin/cmake --build /home/sithija/voyager_ws/build/voyager_msgs -- -j16 -l16
[0.561s] Invoking command in '/home/sithija/voyager_ws/build/voyager_msgs': CMAKE_PREFIX_PATH=${CMAKE_PREFIX_PATH}:/opt/ros/humble /usr/bin/cmake --install /home/sithija/voyager_ws/build/voyager_msgs
[0.569s] -- Install configuration: ""
[0.569s] -- Execute custom install script
[0.569s] -- Up-to-date symlink: /home/sithija/voyager_ws/install/voyager_msgs/share/ament_index/resource_index/rosidl_interfaces/voyager_msgs
[0.570s] -- Up-to-date symlink: /home/sithija/voyager_ws/install/voyager_msgs/include/voyager_msgs/voyager_msgs/msg/rosidl_generator_c__visibility_control.h
[0.570s] -- Up-to-date symlink: /home/sithija/voyager_ws/install/voyager_msgs/include/voyager_msgs/voyager_msgs/srv/detail/get_transform__functions.h
[0.570s] -- Up-to-date symlink: /home/sithija/voyager_ws/install/voyager_msgs/include/voyager_msgs/voyager_msgs/srv/detail/get_transform__struct.h
[0.570s] -- Up-to-date symlink: /home/sithija/voyager_ws/install/voyager_msgs/include/voyager_msgs/voyager_msgs/srv/detail/get_transform__type_support.h
[0.570s] -- Up-to-date symlink: /home/sithija/voyager_ws/install/voyager_msgs/include/voyager_msgs/voyager_msgs/srv/get_transform.h
[0.570s] -- Up-to-date symlink: /home/sithija/voyager_ws/install/voyager_msgs/share/voyager_msgs/environment/library_path.sh
[0.570s] -- Up-to-date symlink: /home/sithija/voyager_ws/install/voyager_msgs/share/voyager_msgs/environment/library_path.dsv
[0.571s] -- Up-to-date symlink: /home/sithija/voyager_ws/install/voyager_msgs/include/voyager_msgs/voyager_msgs/msg/rosidl_typesupport_fastrtps_c__visibility_control.h
[0.571s] -- Up-to-date symlink: /home/sithija/voyager_ws/install/voyager_msgs/include/voyager_msgs/voyager_msgs/srv/detail/get_transform__rosidl_typesupport_fastrtps_c.h
[0.571s] -- Up-to-date symlink: /home/sithija/voyager_ws/install/voyager_msgs/include/voyager_msgs/voyager_msgs/srv/detail/get_transform__builder.hpp
[0.571s] -- Up-to-date symlink: /home/sithija/voyager_ws/install/voyager_msgs/include/voyager_msgs/voyager_msgs/srv/detail/get_transform__struct.hpp
[0.571s] -- Up-to-date symlink: /home/sithija/voyager_ws/install/voyager_msgs/include/voyager_msgs/voyager_msgs/srv/detail/get_transform__traits.hpp
[0.571s] -- Up-to-date symlink: /home/sithija/voyager_ws/install/voyager_msgs/include/voyager_msgs/voyager_msgs/srv/get_transform.hpp
[0.572s] -- Up-to-date symlink: /home/sithija/voyager_ws/install/voyager_msgs/include/voyager_msgs/voyager_msgs/msg/rosidl_typesupport_fastrtps_cpp__visibility_control.h
[0.572s] -- Up-to-date symlink: /home/sithija/voyager_ws/install/voyager_msgs/include/voyager_msgs/voyager_msgs/srv/detail/get_transform__rosidl_typesupport_fastrtps_cpp.hpp
[0.572s] -- Up-to-date symlink: /home/sithija/voyager_ws/install/voyager_msgs/include/voyager_msgs/voyager_msgs/msg/rosidl_typesupport_introspection_c__visibility_control.h
[0.572s] -- Up-to-date symlink: /home/sithija/voyager_ws/install/voyager_msgs/include/voyager_msgs/voyager_msgs/srv/detail/get_transform__rosidl_typesupport_introspection_c.h
[0.572s] -- Up-to-date symlink: /home/sithija/voyager_ws/install/voyager_msgs/include/voyager_msgs/voyager_msgs/srv/detail/get_transform__rosidl_typesupport_introspection_cpp.hpp
[0.573s] -- Up-to-date symlink: /home/sithija/voyager_ws/install/voyager_msgs/share/voyager_msgs/environment/pythonpath.sh
[0.573s] -- Up-to-date symlink: /home/sithija/voyager_ws/install/voyager_msgs/share/voyager_msgs/environment/pythonpath.dsv
[0.573s] -- Up-to-date symlink: /home/sithija/voyager_ws/install/voyager_msgs/local/lib/python3.10/dist-packages/voyager_msgs-0.0.0-py3.10.egg-info/PKG-INFO
[0.573s] -- Up-to-date symlink: /home/sithija/voyager_ws/install/voyager_msgs/local/lib/python3.10/dist-packages/voyager_msgs-0.0.0-py3.10.egg-info/SOURCES.txt
[0.573s] -- Up-to-date symlink: /home/sithija/voyager_ws/install/voyager_msgs/local/lib/python3.10/dist-packages/voyager_msgs-0.0.0-py3.10.egg-info/dependency_links.txt
[0.573s] -- Up-to-date symlink: /home/sithija/voyager_ws/install/voyager_msgs/local/lib/python3.10/dist-packages/voyager_msgs-0.0.0-py3.10.egg-info/top_level.txt
[0.574s] -- Up-to-date symlink: /home/sithija/voyager_ws/install/voyager_msgs/local/lib/python3.10/dist-packages/voyager_msgs/__init__.py
[0.574s] -- Up-to-date symlink: /home/sithija/voyager_ws/install/voyager_msgs/local/lib/python3.10/dist-packages/voyager_msgs/_voyager_msgs_s.ep.rosidl_typesupport_c.c
[0.574s] -- Up-to-date symlink: /home/sithija/voyager_ws/install/voyager_msgs/local/lib/python3.10/dist-packages/voyager_msgs/_voyager_msgs_s.ep.rosidl_typesupport_fastrtps_c.c
[0.574s] -- Up-to-date symlink: /home/sithija/voyager_ws/install/voyager_msgs/local/lib/python3.10/dist-packages/voyager_msgs/_voyager_msgs_s.ep.rosidl_typesupport_introspection_c.c
[0.574s] -- Up-to-date symlink: /home/sithija/voyager_ws/install/voyager_msgs/local/lib/python3.10/dist-packages/voyager_msgs/libvoyager_msgs__rosidl_generator_py.so
[0.575s] -- Up-to-date symlink: /home/sithija/voyager_ws/install/voyager_msgs/local/lib/python3.10/dist-packages/voyager_msgs/srv/__init__.py
[0.575s] -- Up-to-date symlink: /home/sithija/voyager_ws/install/voyager_msgs/local/lib/python3.10/dist-packages/voyager_msgs/srv/_get_transform.py
[0.575s] -- Up-to-date symlink: /home/sithija/voyager_ws/install/voyager_msgs/local/lib/python3.10/dist-packages/voyager_msgs/srv/_get_transform_s.c
[0.575s] -- Up-to-date symlink: /home/sithija/voyager_ws/install/voyager_msgs/local/lib/python3.10/dist-packages/voyager_msgs/voyager_msgs_s__rosidl_typesupport_c.cpython-310-x86_64-linux-gnu.so
[0.575s] -- Up-to-date symlink: /home/sithija/voyager_ws/install/voyager_msgs/local/lib/python3.10/dist-packages/voyager_msgs/voyager_msgs_s__rosidl_typesupport_fastrtps_c.cpython-310-x86_64-linux-gnu.so
[0.575s] -- Up-to-date symlink: /home/sithija/voyager_ws/install/voyager_msgs/local/lib/python3.10/dist-packages/voyager_msgs/voyager_msgs_s__rosidl_typesupport_introspection_c.cpython-310-x86_64-linux-gnu.so
[0.575s] -- Up-to-date symlink: /home/sithija/voyager_ws/install/voyager_msgs/local/lib/python3.10/dist-packages/voyager_msgs/voyager_msgs_s__rosidl_typesupport_fastrtps_c.cpython-310-x86_64-linux-gnu.so
[0.576s] -- Up-to-date symlink: /home/sithija/voyager_ws/install/voyager_msgs/local/lib/python3.10/dist-packages/voyager_msgs/voyager_msgs_s__rosidl_typesupport_introspection_c.cpython-310-x86_64-linux-gnu.so
[0.576s] -- Up-to-date symlink: /home/sithija/voyager_ws/install/voyager_msgs/local/lib/python3.10/dist-packages/voyager_msgs/voyager_msgs_s__rosidl_typesupport_c.cpython-310-x86_64-linux-gnu.so
[0.576s] -- Up-to-date symlink: /home/sithija/voyager_ws/install/voyager_msgs/share/voyager_msgs/srv/GetTransform.idl
[0.576s] -- Up-to-date symlink: /home/sithija/voyager_ws/install/voyager_msgs/share/voyager_msgs/srv/GetTransform.srv
[0.576s] -- Up-to-date symlink: /home/sithija/voyager_ws/install/voyager_msgs/share/voyager_msgs/srv/GetTransform_Request.msg
[0.576s] -- Up-to-date symlink: /home/sithija/voyager_ws/install/voyager_msgs/share/voyager_msgs/srv/GetTransform_Response.msg
[0.576s] -- Up-to-date symlink: /home/sithija/voyager_ws/install/voyager_msgs/share/ament_index/resource_index/package_run_dependencies/voyager_msgs
[0.577s] -- Up-to-date symlink: /home/sithija/voyager_ws/install/voyager_msgs/share/ament_index/resource_index/parent_prefix_path/voyager_msgs
[0.577s] -- Up-to-date symlink: /home/sithija/voyager_ws/install/voyager_msgs/share/voyager_msgs/environment/ament_prefix_path.sh
[0.577s] -- Up-to-date symlink: /home/sithija/voyager_ws/install/voyager_msgs/share/voyager_msgs/environment/ament_prefix_path.dsv
[0.577s] -- Up-to-date symlink: /home/sithija/voyager_ws/install/voyager_msgs/share/voyager_msgs/environment/path.sh
[0.577s] -- Up-to-date symlink: /home/sithija/voyager_ws/install/voyager_msgs/share/voyager_msgs/environment/path.dsv
[0.577s] -- Up-to-date symlink: /home/sithija/voyager_ws/install/voyager_msgs/share/voyager_msgs/local_setup.bash
[0.577s] -- Up-to-date symlink: /home/sithija/voyager_ws/install/voyager_msgs/share/voyager_msgs/local_setup.sh
[0.578s] -- Up-to-date symlink: /home/sithija/voyager_ws/install/voyager_msgs/share/voyager_msgs/local_setup.zsh
[0.578s] -- Up-to-date symlink: /home/sithija/voyager_ws/install/voyager_msgs/share/voyager_msgs/local_setup.dsv
[0.578s] -- Symlinking: /home/sithija/voyager_ws/install/voyager_msgs/share/voyager_msgs/package.dsv
[0.587s] -- Up-to-date symlink: /home/sithija/voyager_ws/install/voyager_msgs/share/ament_index/resource_index/packages/voyager_msgs
[0.587s] -- Up-to-date symlink: /home/sithija/voyager_ws/install/voyager_msgs/share/voyager_msgs/cmake/rosidl_cmake-extras.cmake
[0.587s] -- Up-to-date symlink: /home/sithija/voyager_ws/install/voyager_msgs/share/voyager_msgs/cmake/ament_cmake_export_dependencies-extras.cmake
[0.588s] -- Up-to-date symlink: /home/sithija/voyager_ws/install/voyager_msgs/share/voyager_msgs/cmake/ament_cmake_export_include_directories-extras.cmake
[0.588s] -- Up-to-date symlink: /home/sithija/voyager_ws/install/voyager_msgs/share/voyager_msgs/cmake/ament_cmake_export_libraries-extras.cmake
[0.588s] -- Up-to-date symlink: /home/sithija/voyager_ws/install/voyager_msgs/share/voyager_msgs/cmake/ament_cmake_export_targets-extras.cmake
[0.588s] -- Up-to-date symlink: /home/sithija/voyager_ws/install/voyager_msgs/share/voyager_msgs/cmake/rosidl_cmake_export_typesupport_targets-extras.cmake
[0.588s] -- Up-to-date symlink: /home/sithija/voyager_ws/install/voyager_msgs/share/voyager_msgs/cmake/rosidl_cmake_export_typesupport_libraries-extras.cmake
[0.588s] -- Up-to-date symlink: /home/sithija/voyager_ws/install/voyager_msgs/share/voyager_msgs/cmake/voyager_msgsConfig.cmake
[0.589s] -- Up-to-date symlink: /home/sithija/voyager_ws/install/voyager_msgs/share/voyager_msgs/cmake/voyager_msgsConfig-version.cmake
[0.589s] -- Up-to-date symlink: /home/sithija/voyager_ws/install/voyager_msgs/share/voyager_msgs/package.xml
[0.589s] -- Up-to-date: /home/sithija/voyager_ws/install/voyager_msgs/lib/libvoyager_msgs__rosidl_generator_c.so
[0.589s] -- Up-to-date: /home/sithija/voyager_ws/install/voyager_msgs/lib/libvoyager_msgs__rosidl_typesupport_fastrtps_c.so
[0.589s] -- Up-to-date: /home/sithija/voyager_ws/install/voyager_msgs/lib/libvoyager_msgs__rosidl_typesupport_fastrtps_cpp.so
[0.589s] -- Up-to-date: /home/sithija/voyager_ws/install/voyager_msgs/lib/libvoyager_msgs__rosidl_typesupport_introspection_c.so
[0.590s] -- Up-to-date: /home/sithija/voyager_ws/install/voyager_msgs/lib/libvoyager_msgs__rosidl_typesupport_c.so
[0.590s] -- Up-to-date: /home/sithija/voyager_ws/install/voyager_msgs/lib/libvoyager_msgs__rosidl_typesupport_introspection_cpp.so
[0.590s] -- Up-to-date: /home/sithija/voyager_ws/install/voyager_msgs/lib/libvoyager_msgs__rosidl_typesupport_cpp.so
[0.645s] Listing '/home/sithija/voyager_ws/install/voyager_msgs/local/lib/python3.10/dist-packages/voyager_msgs'...
[0.645s] Listing '/home/sithija/voyager_ws/install/voyager_msgs/local/lib/python3.10/dist-packages/voyager_msgs/srv'...
[0.649s] -- Up-to-date: /home/sithija/voyager_ws/install/voyager_msgs/lib/libvoyager_msgs__rosidl_generator_py.so
[0.649s] -- Up-to-date: /home/sithija/voyager_ws/install/voyager_msgs/share/voyager_msgs/cmake/export_voyager_msgs__rosidl_generator_cExport.cmake
[0.649s] -- Up-to-date: /home/sithija/voyager_ws/install/voyager_msgs/share/voyager_msgs/cmake/export_voyager_msgs__rosidl_generator_cExport-noconfig.cmake
[0.650s] -- Up-to-date: /home/sithija/voyager_ws/install/voyager_msgs/share/voyager_msgs/cmake/export_voyager_msgs__rosidl_typesupport_fastrtps_cExport.cmake
[0.650s] -- Up-to-date: /home/sithija/voyager_ws/install/voyager_msgs/share/voyager_msgs/cmake/export_voyager_msgs__rosidl_typesupport_fastrtps_cExport-noconfig.cmake
[0.650s] -- Up-to-date: /home/sithija/voyager_ws/install/voyager_msgs/share/voyager_msgs/cmake/export_voyager_msgs__rosidl_generator_cppExport.cmake
[0.650s] -- Up-to-date: /home/sithija/voyager_ws/install/voyager_msgs/share/voyager_msgs/cmake/export_voyager_msgs__rosidl_typesupport_fastrtps_cppExport.cmake
[0.650s] -- Up-to-date: /home/sithija/voyager_ws/install/voyager_msgs/share/voyager_msgs/cmake/export_voyager_msgs__rosidl_typesupport_fastrtps_cppExport-noconfig.cmake
[0.650s] -- Up-to-date: /home/sithija/voyager_ws/install/voyager_msgs/share/voyager_msgs/cmake/voyager_msgs__rosidl_typesupport_introspection_cExport.cmake
[0.650s] -- Up-to-date: /home/sithija/voyager_ws/install/voyager_msgs/share/voyager_msgs/cmake/voyager_msgs__rosidl_typesupport_introspection_cExport-noconfig.cmake
[0.651s] -- Up-to-date: /home/sithija/voyager_ws/install/voyager_msgs/share/voyager_msgs/cmake/voyager_msgs__rosidl_typesupport_cExport.cmake
[0.651s] -- Up-to-date: /home/sithija/voyager_ws/install/voyager_msgs/share/voyager_msgs/cmake/voyager_msgs__rosidl_typesupport_cExport-noconfig.cmake
[0.651s] -- Up-to-date: /home/sithija/voyager_ws/install/voyager_msgs/share/voyager_msgs/cmake/voyager_msgs__rosidl_typesupport_introspection_cppExport.cmake
[0.651s] -- Up-to-date: /home/sithija/voyager_ws/install/voyager_msgs/share/voyager_msgs/cmake/voyager_msgs__rosidl_typesupport_introspection_cppExport-noconfig.cmake
[0.651s] -- Up-to-date: /home/sithija/voyager_ws/install/voyager_msgs/share/voyager_msgs/cmake/voyager_msgs__rosidl_typesupport_cppExport.cmake
[0.651s] -- Up-to-date: /home/sithija/voyager_ws/install/voyager_msgs/share/voyager_msgs/cmake/voyager_msgs__rosidl_typesupport_cppExport-noconfig.cmake
[0.651s] -- Up-to-date: /home/sithija/voyager_ws/install/voyager_msgs/share/voyager_msgs/cmake/export_voyager_msgs__rosidl_generator_pyExport.cmake
[0.651s] -- Up-to-date: /home/sithija/voyager_ws/install/voyager_msgs/share/voyager_msgs/cmake/export_voyager_msgs__rosidl_generator_pyExport-noconfig.cmake
[0.657s] Invoked command in '/home/sithija/voyager_ws/build/voyager_msgs' returned '0': CMAKE_PREFIX_PATH=${CMAKE_PREFIX_PATH}:/opt/ros/humble /usr/bin/cmake --install /home/sithija/voyager_ws/build/voyager_msgs
